This file contains any messages produced by compilers while
running configure, to aid debugging if configure makes a mistake.

It was created by tcl configure 8.5, which was
generated by GNU Autoconf 2.59.  Invocation command line was

  $ ./configure --cache-file=/dev/null --disable-option-checking --prefix=/opt/local/libexec/macports --enable-threads --srcdir=.

## --------- ##
## Platform. ##
## --------- ##

hostname = JiangdeMacBook-Pro.local
uname -m = x86_64
uname -r = 13.3.0
uname -s = Darwin
uname -v = Darwin Kernel Version 13.3.0: Tue Jun  3 21:27:35 PDT 2014; root:xnu-2422.110.17~1/RELEASE_X86_64

/usr/bin/uname -p = i386
/bin/uname -X     = unknown

/bin/arch              = unknown
/usr/bin/arch -k       = unknown
/usr/convex/getsysinfo = unknown
hostinfo               = Mach kernel version:
	 Darwin Kernel Version 13.3.0: Tue Jun  3 21:27:35 PDT 2014; root:xnu-2422.110.17~1/RELEASE_X86_64
Kernel configured for up to 4 processors.
2 processors are physically available.
4 processors are logically available.
Processor type: i486 (Intel 80486)
Processors active: 0 1 2 3
Primary memory available: 16.00 gigabytes
Default processor set: 240 tasks, 6060 threads, 4 processors
Load average: 2.65, Mach factor: 1.60
/bin/machine           = unknown
/usr/bin/oslevel       = unknown
/bin/universe          = unknown

PATH: /usr/local/go/bin
PATH: /Users/Jiangyuhang/bin
PATH: /usr/local/bin
PATH: /usr/bin
PATH: /bin
PATH: /usr/sbin
PATH: /sbin
PATH: /usr/local/bin
PATH: /opt/X11/bin
PATH: /usr/local/git/bin
PATH: /usr/local/go/bin
PATH: /usr/texbin


## ----------- ##
## Core tests. ##
## ----------- ##

configure:1360: checking whether to use symlinks for manpages
configure:1369: result: no
configure:1372: checking whether to compress the manpages
configure:1387: result: no
configure:1401: checking whether to add a package name suffix for the manpages
configure:1414: result: no
configure:1476: checking for gcc
configure:1492: found /usr/bin/gcc
configure:1502: result: gcc
configure:1746: checking for C compiler version
configure:1749: gcc --version </dev/null >&5
Configured with: --prefix=/Applications/Xcode.app/Contents/Developer/usr --with-gxx-include-dir=/usr/include/c++/4.2.1
Apple LLVM version 5.1 (clang-503.0.40) (based on LLVM 3.4svn)
Target: x86_64-apple-darwin13.3.0
Thread model: posix
configure:1752: $? = 0
configure:1754: gcc -v </dev/null >&5
Configured with: --prefix=/Applications/Xcode.app/Contents/Developer/usr --with-gxx-include-dir=/usr/include/c++/4.2.1
Apple LLVM version 5.1 (clang-503.0.40) (based on LLVM 3.4svn)
Target: x86_64-apple-darwin13.3.0
Thread model: posix
configure:1757: $? = 0
configure:1759: gcc -V </dev/null >&5
clang: error: argument to '-V' is missing (expected 1 value)
clang: error: no input files
configure:1762: $? = 1
configure:1785: checking for C compiler default output file name
configure:1788: gcc    conftest.c  >&5
configure:1791: $? = 0
configure:1837: result: a.out
configure:1842: checking whether the C compiler works
configure:1848: ./a.out
configure:1851: $? = 0
configure:1868: result: yes
configure:1875: checking whether we are cross compiling
configure:1877: result: no
configure:1880: checking for suffix of executables
configure:1882: gcc -o conftest    conftest.c  >&5
configure:1885: $? = 0
configure:1910: result: 
configure:1916: checking for suffix of object files
configure:1937: gcc -c   conftest.c >&5
configure:1940: $? = 0
configure:1962: result: o
configure:1966: checking whether we are using the GNU C compiler
configure:1990: gcc -c   conftest.c >&5
configure:1996: $? = 0
configure:2000: test -z 
			 || test ! -s conftest.err
configure:2003: $? = 0
configure:2006: test -s conftest.o
configure:2009: $? = 0
configure:2022: result: yes
configure:2028: checking whether gcc accepts -g
configure:2049: gcc -c -g  conftest.c >&5
configure:2055: $? = 0
configure:2059: test -z 
			 || test ! -s conftest.err
configure:2062: $? = 0
configure:2065: test -s conftest.o
configure:2068: $? = 0
configure:2079: result: yes
configure:2096: checking for gcc option to accept ANSI C
configure:2166: gcc  -c   conftest.c >&5
configure:2172: $? = 0
configure:2176: test -z 
			 || test ! -s conftest.err
configure:2179: $? = 0
configure:2182: test -s conftest.o
configure:2185: $? = 0
configure:2203: result: none needed
configure:2221: gcc -c   conftest.c >&5
conftest.c:2:3: error: unknown type name 'choke'
  choke me
  ^
conftest.c:2:11: error: expected ';' after top level declarator
  choke me
          ^
          ;
2 errors generated.
configure:2227: $? = 1
configure: failed program was:
| #ifndef __cplusplus
|   choke me
| #endif
configure:2361: checking for inline
configure:2382: gcc -c   conftest.c >&5
configure:2388: $? = 0
configure:2392: test -z 
			 || test ! -s conftest.err
configure:2395: $? = 0
configure:2398: test -s conftest.o
configure:2401: $? = 0
configure:2413: result: inline
configure:2447: checking how to run the C preprocessor
configure:2482: gcc -E  conftest.c
configure:2488: $? = 0
configure:2520: gcc -E  conftest.c
conftest.c:9:10: fatal error: 'ac_nonexistent.h' file not found
#include <ac_nonexistent.h>
         ^
1 error generated.
configure:2526: $? = 1
configure: failed program was:
| /* confdefs.h.  */
| 
| #define PACKAGE_NAME "tcl"
| #define PACKAGE_TARNAME "tcl"
| #define PACKAGE_VERSION "8.5"
| #define PACKAGE_STRING "tcl 8.5"
| #define PACKAGE_BUGREPORT ""
| /* end confdefs.h.  */
| #include <ac_nonexistent.h>
configure:2565: result: gcc -E
configure:2589: gcc -E  conftest.c
configure:2595: $? = 0
configure:2627: gcc -E  conftest.c
conftest.c:9:10: fatal error: 'ac_nonexistent.h' file not found
#include <ac_nonexistent.h>
         ^
1 error generated.
configure:2633: $? = 1
configure: failed program was:
| /* confdefs.h.  */
| 
| #define PACKAGE_NAME "tcl"
| #define PACKAGE_TARNAME "tcl"
| #define PACKAGE_VERSION "8.5"
| #define PACKAGE_STRING "tcl 8.5"
| #define PACKAGE_BUGREPORT ""
| /* end confdefs.h.  */
| #include <ac_nonexistent.h>
configure:2677: checking for egrep
configure:2687: result: grep -E
configure:2692: checking for ANSI C header files
configure:2717: gcc -c   conftest.c >&5
configure:2723: $? = 0
configure:2727: test -z 
			 || test ! -s conftest.err
configure:2730: $? = 0
configure:2733: test -s conftest.o
configure:2736: $? = 0
configure:2825: gcc -o conftest    conftest.c  >&5
conftest.c:26:7: warning: implicitly declaring library function 'exit' with type 'void (int) __attribute__((noreturn))'
      exit(2);
      ^
conftest.c:26:7: note: please include the header <stdlib.h> or explicitly provide a declaration for 'exit'
1 warning generated.
configure:2828: $? = 0
configure:2830: ./conftest
configure:2833: $? = 0
configure:2848: result: yes
configure:2872: checking for sys/types.h
configure:2888: gcc -c   conftest.c >&5
configure:2894: $? = 0
configure:2898: test -z 
			 || test ! -s conftest.err
configure:2901: $? = 0
configure:2904: test -s conftest.o
configure:2907: $? = 0
configure:2918: result: yes
configure:2872: checking for sys/stat.h
configure:2888: gcc -c   conftest.c >&5
configure:2894: $? = 0
configure:2898: test -z 
			 || test ! -s conftest.err
configure:2901: $? = 0
configure:2904: test -s conftest.o
configure:2907: $? = 0
configure:2918: result: yes
configure:2872: checking for stdlib.h
configure:2888: gcc -c   conftest.c >&5
configure:2894: $? = 0
configure:2898: test -z 
			 || test ! -s conftest.err
configure:2901: $? = 0
configure:2904: test -s conftest.o
configure:2907: $? = 0
configure:2918: result: yes
configure:2872: checking for string.h
configure:2888: gcc -c   conftest.c >&5
configure:2894: $? = 0
configure:2898: test -z 
			 || test ! -s conftest.err
configure:2901: $? = 0
configure:2904: test -s conftest.o
configure:2907: $? = 0
configure:2918: result: yes
configure:2872: checking for memory.h
configure:2888: gcc -c   conftest.c >&5
configure:2894: $? = 0
configure:2898: test -z 
			 || test ! -s conftest.err
configure:2901: $? = 0
configure:2904: test -s conftest.o
configure:2907: $? = 0
configure:2918: result: yes
configure:2872: checking for strings.h
configure:2888: gcc -c   conftest.c >&5
configure:2894: $? = 0
configure:2898: test -z 
			 || test ! -s conftest.err
configure:2901: $? = 0
configure:2904: test -s conftest.o
configure:2907: $? = 0
configure:2918: result: yes
configure:2872: checking for inttypes.h
configure:2888: gcc -c   conftest.c >&5
configure:2894: $? = 0
configure:2898: test -z 
			 || test ! -s conftest.err
configure:2901: $? = 0
configure:2904: test -s conftest.o
configure:2907: $? = 0
configure:2918: result: yes
configure:2872: checking for stdint.h
configure:2888: gcc -c   conftest.c >&5
configure:2894: $? = 0
configure:2898: test -z 
			 || test ! -s conftest.err
configure:2901: $? = 0
configure:2904: test -s conftest.o
configure:2907: $? = 0
configure:2918: result: yes
configure:2872: checking for unistd.h
configure:2888: gcc -c   conftest.c >&5
configure:2894: $? = 0
configure:2898: test -z 
			 || test ! -s conftest.err
configure:2901: $? = 0
configure:2904: test -s conftest.o
configure:2907: $? = 0
configure:2918: result: yes
configure:2931: checking dirent.h
configure:2972: gcc -o conftest    conftest.c  >&5
configure:2978: $? = 0
configure:2982: test -z 
			 || test ! -s conftest.err
configure:2985: $? = 0
configure:2988: test -s conftest
configure:2991: $? = 0
configure:3003: result: yes
configure:3024: checking float.h usability
configure:3036: gcc -c   conftest.c >&5
configure:3042: $? = 0
configure:3046: test -z 
			 || test ! -s conftest.err
configure:3049: $? = 0
configure:3052: test -s conftest.o
configure:3055: $? = 0
configure:3065: result: yes
configure:3069: checking float.h presence
configure:3079: gcc -E  conftest.c
configure:3085: $? = 0
configure:3105: result: yes
configure:3140: checking for float.h
configure:3147: result: yes
configure:3172: checking values.h usability
configure:3184: gcc -c   conftest.c >&5
conftest.c:53:10: fatal error: 'values.h' file not found
#include <values.h>
         ^
1 error generated.
configure:3190: $? = 1
configure: failed program was:
| /* confdefs.h.  */
| 
| #define PACKAGE_NAME "tcl"
| #define PACKAGE_TARNAME "tcl"
| #define PACKAGE_VERSION "8.5"
| #define PACKAGE_STRING "tcl 8.5"
| #define PACKAGE_BUGREPORT ""
| #define STDC_HEADERS 1
| #define HAVE_SYS_TYPES_H 1
| #define HAVE_SYS_STAT_H 1
| #define HAVE_STDLIB_H 1
| #define HAVE_STRING_H 1
| #define HAVE_MEMORY_H 1
| #define HAVE_STRINGS_H 1
| #define HAVE_INTTYPES_H 1
| #define HAVE_STDINT_H 1
| #define HAVE_UNISTD_H 1
| /* end confdefs.h.  */
| #include <stdio.h>
| #if HAVE_SYS_TYPES_H
| # include <sys/types.h>
| #endif
| #if HAVE_SYS_STAT_H
| # include <sys/stat.h>
| #endif
| #if STDC_HEADERS
| # include <stdlib.h>
| # include <stddef.h>
| #else
| # if HAVE_STDLIB_H
| #  include <stdlib.h>
| # endif
| #endif
| #if HAVE_STRING_H
| # if !STDC_HEADERS && HAVE_MEMORY_H
| #  include <memory.h>
| # endif
| # include <string.h>
| #endif
| #if HAVE_STRINGS_H
| # include <strings.h>
| #endif
| #if HAVE_INTTYPES_H
| # include <inttypes.h>
| #else
| # if HAVE_STDINT_H
| #  include <stdint.h>
| # endif
| #endif
| #if HAVE_UNISTD_H
| # include <unistd.h>
| #endif
| #include <values.h>
configure:3213: result: no
configure:3217: checking values.h presence
configure:3227: gcc -E  conftest.c
conftest.c:19:10: fatal error: 'values.h' file not found
#include <values.h>
         ^
1 error generated.
configure:3233: $? = 1
configure: failed program was:
| /* confdefs.h.  */
| 
| #define PACKAGE_NAME "tcl"
| #define PACKAGE_TARNAME "tcl"
| #define PACKAGE_VERSION "8.5"
| #define PACKAGE_STRING "tcl 8.5"
| #define PACKAGE_BUGREPORT ""
| #define STDC_HEADERS 1
| #define HAVE_SYS_TYPES_H 1
| #define HAVE_SYS_STAT_H 1
| #define HAVE_STDLIB_H 1
| #define HAVE_STRING_H 1
| #define HAVE_MEMORY_H 1
| #define HAVE_STRINGS_H 1
| #define HAVE_INTTYPES_H 1
| #define HAVE_STDINT_H 1
| #define HAVE_UNISTD_H 1
| /* end confdefs.h.  */
| #include <values.h>
configure:3253: result: no
configure:3288: checking for values.h
configure:3295: result: no
configure:3320: checking limits.h usability
configure:3332: gcc -c   conftest.c >&5
configure:3338: $? = 0
configure:3342: test -z 
			 || test ! -s conftest.err
configure:3345: $? = 0
configure:3348: test -s conftest.o
configure:3351: $? = 0
configure:3361: result: yes
configure:3365: checking limits.h presence
configure:3375: gcc -E  conftest.c
configure:3381: $? = 0
configure:3401: result: yes
configure:3436: checking for limits.h
configure:3443: result: yes
configure:3463: checking for stdlib.h
configure:3468: result: yes
configure:3665: checking for string.h
configure:3670: result: yes
configure:3864: checking sys/wait.h usability
configure:3876: gcc -c   conftest.c >&5
configure:3882: $? = 0
configure:3886: test -z 
			 || test ! -s conftest.err
configure:3889: $? = 0
configure:3892: test -s conftest.o
configure:3895: $? = 0
configure:3905: result: yes
configure:3909: checking sys/wait.h presence
configure:3919: gcc -E  conftest.c
configure:3925: $? = 0
configure:3945: result: yes
configure:3980: checking for sys/wait.h
configure:3987: result: yes
configure:4012: checking dlfcn.h usability
configure:4024: gcc -c   conftest.c >&5
configure:4030: $? = 0
configure:4034: test -z 
			 || test ! -s conftest.err
configure:4037: $? = 0
configure:4040: test -s conftest.o
configure:4043: $? = 0
configure:4053: result: yes
configure:4057: checking dlfcn.h presence
configure:4067: gcc -E  conftest.c
configure:4073: $? = 0
configure:4093: result: yes
configure:4128: checking for dlfcn.h
configure:4135: result: yes
configure:4166: checking sys/param.h usability
configure:4178: gcc -c   conftest.c >&5
configure:4184: $? = 0
configure:4188: test -z 
			 || test ! -s conftest.err
configure:4191: $? = 0
configure:4194: test -s conftest.o
configure:4197: $? = 0
configure:4207: result: yes
configure:4211: checking sys/param.h presence
configure:4221: gcc -E  conftest.c
configure:4227: $? = 0
configure:4247: result: yes
configure:4282: checking for sys/param.h
configure:4289: result: yes
configure:4310: checking if the compiler understands -pipe
configure:4333: gcc -c  -pipe  conftest.c >&5
configure:4339: $? = 0
configure:4343: test -z 
			 || test ! -s conftest.err
configure:4346: $? = 0
configure:4349: test -s conftest.o
configure:4352: $? = 0
configure:4364: result: yes
configure:4414: checking for pthread_mutex_init in -lpthread
configure:4444: gcc -o conftest  -pipe   conftest.c -lpthread   >&5
configure:4450: $? = 0
configure:4454: test -z 
			 || test ! -s conftest.err
configure:4457: $? = 0
configure:4460: test -s conftest
configure:4463: $? = 0
configure:4476: result: yes
configure:4803: checking for pthread_attr_setstacksize
configure:4860: gcc -o conftest  -pipe   conftest.c   -lpthread >&5
configure:4866: $? = 0
configure:4870: test -z 
			 || test ! -s conftest.err
configure:4873: $? = 0
configure:4876: test -s conftest
configure:4879: $? = 0
configure:4891: result: yes
configure:4803: checking for pthread_atfork
configure:4860: gcc -o conftest  -pipe   conftest.c   -lpthread >&5
configure:4866: $? = 0
configure:4870: test -z 
			 || test ! -s conftest.err
configure:4873: $? = 0
configure:4876: test -s conftest
configure:4879: $? = 0
configure:4891: result: yes
configure:4901: checking for pthread_attr_get_np
configure:4958: gcc -o conftest  -pipe   conftest.c   -lpthread >&5
Undefined symbols for architecture x86_64:
  "_pthread_attr_get_np", referenced from:
      _main in conftest-a5005f.o
      _f in conftest-a5005f.o
ld: symbol(s) not found for architecture x86_64
clang: error: linker command failed with exit code 1 (use -v to see invocation)
configure:4964: $? = 1
configure: failed program was:
| /* confdefs.h.  */
| 
| #define PACKAGE_NAME "tcl"
| #define PACKAGE_TARNAME "tcl"
| #define PACKAGE_VERSION "8.5"
| #define PACKAGE_STRING "tcl 8.5"
| #define PACKAGE_BUGREPORT ""
| #define STDC_HEADERS 1
| #define HAVE_SYS_TYPES_H 1
| #define HAVE_SYS_STAT_H 1
| #define HAVE_STDLIB_H 1
| #define HAVE_STRING_H 1
| #define HAVE_MEMORY_H 1
| #define HAVE_STRINGS_H 1
| #define HAVE_INTTYPES_H 1
| #define HAVE_STDINT_H 1
| #define HAVE_UNISTD_H 1
| #define NO_VALUES_H 1
| #define HAVE_LIMITS_H 1
| #define HAVE_SYS_PARAM_H 1
| #define USE_THREAD_ALLOC 1
| #define _REENTRANT 1
| #define _THREAD_SAFE 1
| #define HAVE_PTHREAD_ATTR_SETSTACKSIZE 1
| #define HAVE_PTHREAD_ATFORK 1
| /* end confdefs.h.  */
| /* Define pthread_attr_get_np to an innocuous variant, in case <limits.h> declares pthread_attr_get_np.
|    For example, HP-UX 11i <limits.h> declares gettimeofday.  */
| #define pthread_attr_get_np innocuous_pthread_attr_get_np
| 
| /* System header to define __stub macros and hopefully few prototypes,
|     which can conflict with char pthread_attr_get_np (); below.
|     Prefer <limits.h> to <assert.h> if __STDC__ is defined, since
|     <limits.h> exists even on freestanding compilers.  */
| 
| #ifdef __STDC__
| # include <limits.h>
| #else
| # include <assert.h>
| #endif
| 
| #undef pthread_attr_get_np
| 
| /* Override any gcc2 internal prototype to avoid an error.  */
| #ifdef __cplusplus
| extern "C"
| {
| #endif
| /* We use char because int might match the return type of a gcc2
|    builtin and then its argument prototype would still apply.  */
| char pthread_attr_get_np ();
| /* The GNU C library defines this for functions which it implements
|     to always fail with ENOSYS.  Some functions are actually named
|     something starting with __ and the normal name is an alias.  */
| #if defined (__stub_pthread_attr_get_np) || defined (__stub___pthread_attr_get_np)
| choke me
| #else
| char (*f) () = pthread_attr_get_np;
| #endif
| #ifdef __cplusplus
| }
| #endif
| 
| int
| main ()
| {
| return f != pthread_attr_get_np;
|   ;
|   return 0;
| }
configure:4989: result: no
configure:5037: checking for pthread_getattr_np
configure:5094: gcc -o conftest  -pipe   conftest.c   -lpthread >&5
Undefined symbols for architecture x86_64:
  "_pthread_getattr_np", referenced from:
      _main in conftest-08fa02.o
      _f in conftest-08fa02.o
ld: symbol(s) not found for architecture x86_64
clang: error: linker command failed with exit code 1 (use -v to see invocation)
configure:5100: $? = 1
configure: failed program was:
| /* confdefs.h.  */
| 
| #define PACKAGE_NAME "tcl"
| #define PACKAGE_TARNAME "tcl"
| #define PACKAGE_VERSION "8.5"
| #define PACKAGE_STRING "tcl 8.5"
| #define PACKAGE_BUGREPORT ""
| #define STDC_HEADERS 1
| #define HAVE_SYS_TYPES_H 1
| #define HAVE_SYS_STAT_H 1
| #define HAVE_STDLIB_H 1
| #define HAVE_STRING_H 1
| #define HAVE_MEMORY_H 1
| #define HAVE_STRINGS_H 1
| #define HAVE_INTTYPES_H 1
| #define HAVE_STDINT_H 1
| #define HAVE_UNISTD_H 1
| #define NO_VALUES_H 1
| #define HAVE_LIMITS_H 1
| #define HAVE_SYS_PARAM_H 1
| #define USE_THREAD_ALLOC 1
| #define _REENTRANT 1
| #define _THREAD_SAFE 1
| #define HAVE_PTHREAD_ATTR_SETSTACKSIZE 1
| #define HAVE_PTHREAD_ATFORK 1
| /* end confdefs.h.  */
| /* Define pthread_getattr_np to an innocuous variant, in case <limits.h> declares pthread_getattr_np.
|    For example, HP-UX 11i <limits.h> declares gettimeofday.  */
| #define pthread_getattr_np innocuous_pthread_getattr_np
| 
| /* System header to define __stub macros and hopefully few prototypes,
|     which can conflict with char pthread_getattr_np (); below.
|     Prefer <limits.h> to <assert.h> if __STDC__ is defined, since
|     <limits.h> exists even on freestanding compilers.  */
| 
| #ifdef __STDC__
| # include <limits.h>
| #else
| # include <assert.h>
| #endif
| 
| #undef pthread_getattr_np
| 
| /* Override any gcc2 internal prototype to avoid an error.  */
| #ifdef __cplusplus
| extern "C"
| {
| #endif
| /* We use char because int might match the return type of a gcc2
|    builtin and then its argument prototype would still apply.  */
| char pthread_getattr_np ();
| /* The GNU C library defines this for functions which it implements
|     to always fail with ENOSYS.  Some functions are actually named
|     something starting with __ and the normal name is an alias.  */
| #if defined (__stub_pthread_getattr_np) || defined (__stub___pthread_getattr_np)
| choke me
| #else
| char (*f) () = pthread_getattr_np;
| #endif
| #ifdef __cplusplus
| }
| #endif
| 
| int
| main ()
| {
| return f != pthread_getattr_np;
|   ;
|   return 0;
| }
configure:5125: result: no
configure:5180: checking for pthread_get_stacksize_np
configure:5237: gcc -o conftest  -pipe   conftest.c   -lpthread >&5
configure:5243: $? = 0
configure:5247: test -z 
			 || test ! -s conftest.err
configure:5250: $? = 0
configure:5253: test -s conftest
configure:5256: $? = 0
configure:5268: result: yes
configure:5284: checking for building with threads
configure:5296: result: yes
configure:5346: checking for sin
configure:5403: gcc -o conftest  -pipe   conftest.c  >&5
conftest.c:54:6: warning: incompatible redeclaration of library function 'sin' [-Wincompatible-library-redeclaration]
char sin ();
     ^
conftest.c:54:6: note: 'sin' is a builtin with type 'double (double)'
1 warning generated.
configure:5409: $? = 0
configure:5413: test -z 
			 || test ! -s conftest.err
configure:5416: $? = 0
configure:5419: test -s conftest
configure:5422: $? = 0
configure:5434: result: yes
configure:5442: checking for main in -lieee
configure:5466: gcc -o conftest  -pipe   conftest.c -lieee   >&5
ld: library not found for -lieee
clang: error: linker command failed with exit code 1 (use -v to see invocation)
configure:5472: $? = 1
configure: failed program was:
| /* confdefs.h.  */
| 
| #define PACKAGE_NAME "tcl"
| #define PACKAGE_TARNAME "tcl"
| #define PACKAGE_VERSION "8.5"
| #define PACKAGE_STRING "tcl 8.5"
| #define PACKAGE_BUGREPORT ""
| #define STDC_HEADERS 1
| #define HAVE_SYS_TYPES_H 1
| #define HAVE_SYS_STAT_H 1
| #define HAVE_STDLIB_H 1
| #define HAVE_STRING_H 1
| #define HAVE_MEMORY_H 1
| #define HAVE_STRINGS_H 1
| #define HAVE_INTTYPES_H 1
| #define HAVE_STDINT_H 1
| #define HAVE_UNISTD_H 1
| #define NO_VALUES_H 1
| #define HAVE_LIMITS_H 1
| #define HAVE_SYS_PARAM_H 1
| #define USE_THREAD_ALLOC 1
| #define _REENTRANT 1
| #define _THREAD_SAFE 1
| #define HAVE_PTHREAD_ATTR_SETSTACKSIZE 1
| #define HAVE_PTHREAD_ATFORK 1
| #define HAVE_PTHREAD_GET_STACKSIZE_NP 1
| #define TCL_THREADS 1
| #define TCL_CFGVAL_ENCODING "iso8859-1"
| /* end confdefs.h.  */
| 
| 
| int
| main ()
| {
| main ();
|   ;
|   return 0;
| }
configure:5498: result: no
configure:5510: checking for main in -linet
configure:5534: gcc -o conftest  -pipe   conftest.c -linet   >&5
ld: library not found for -linet
clang: error: linker command failed with exit code 1 (use -v to see invocation)
configure:5540: $? = 1
configure: failed program was:
| /* confdefs.h.  */
| 
| #define PACKAGE_NAME "tcl"
| #define PACKAGE_TARNAME "tcl"
| #define PACKAGE_VERSION "8.5"
| #define PACKAGE_STRING "tcl 8.5"
| #define PACKAGE_BUGREPORT ""
| #define STDC_HEADERS 1
| #define HAVE_SYS_TYPES_H 1
| #define HAVE_SYS_STAT_H 1
| #define HAVE_STDLIB_H 1
| #define HAVE_STRING_H 1
| #define HAVE_MEMORY_H 1
| #define HAVE_STRINGS_H 1
| #define HAVE_INTTYPES_H 1
| #define HAVE_STDINT_H 1
| #define HAVE_UNISTD_H 1
| #define NO_VALUES_H 1
| #define HAVE_LIMITS_H 1
| #define HAVE_SYS_PARAM_H 1
| #define USE_THREAD_ALLOC 1
| #define _REENTRANT 1
| #define _THREAD_SAFE 1
| #define HAVE_PTHREAD_ATTR_SETSTACKSIZE 1
| #define HAVE_PTHREAD_ATFORK 1
| #define HAVE_PTHREAD_GET_STACKSIZE_NP 1
| #define TCL_THREADS 1
| #define TCL_CFGVAL_ENCODING "iso8859-1"
| /* end confdefs.h.  */
| 
| 
| int
| main ()
| {
| main ();
|   ;
|   return 0;
| }
configure:5566: result: no
configure:5582: checking net/errno.h usability
configure:5594: gcc -c  -pipe  conftest.c >&5
conftest.c:64:10: fatal error: 'net/errno.h' file not found
#include <net/errno.h>
         ^
1 error generated.
configure:5600: $? = 1
configure: failed program was:
| /* confdefs.h.  */
| 
| #define PACKAGE_NAME "tcl"
| #define PACKAGE_TARNAME "tcl"
| #define PACKAGE_VERSION "8.5"
| #define PACKAGE_STRING "tcl 8.5"
| #define PACKAGE_BUGREPORT ""
| #define STDC_HEADERS 1
| #define HAVE_SYS_TYPES_H 1
| #define HAVE_SYS_STAT_H 1
| #define HAVE_STDLIB_H 1
| #define HAVE_STRING_H 1
| #define HAVE_MEMORY_H 1
| #define HAVE_STRINGS_H 1
| #define HAVE_INTTYPES_H 1
| #define HAVE_STDINT_H 1
| #define HAVE_UNISTD_H 1
| #define NO_VALUES_H 1
| #define HAVE_LIMITS_H 1
| #define HAVE_SYS_PARAM_H 1
| #define USE_THREAD_ALLOC 1
| #define _REENTRANT 1
| #define _THREAD_SAFE 1
| #define HAVE_PTHREAD_ATTR_SETSTACKSIZE 1
| #define HAVE_PTHREAD_ATFORK 1
| #define HAVE_PTHREAD_GET_STACKSIZE_NP 1
| #define TCL_THREADS 1
| #define TCL_CFGVAL_ENCODING "iso8859-1"
| /* end confdefs.h.  */
| #include <stdio.h>
| #if HAVE_SYS_TYPES_H
| # include <sys/types.h>
| #endif
| #if HAVE_SYS_STAT_H
| # include <sys/stat.h>
| #endif
| #if STDC_HEADERS
| # include <stdlib.h>
| # include <stddef.h>
| #else
| # if HAVE_STDLIB_H
| #  include <stdlib.h>
| # endif
| #endif
| #if HAVE_STRING_H
| # if !STDC_HEADERS && HAVE_MEMORY_H
| #  include <memory.h>
| # endif
| # include <string.h>
| #endif
| #if HAVE_STRINGS_H
| # include <strings.h>
| #endif
| #if HAVE_INTTYPES_H
| # include <inttypes.h>
| #else
| # if HAVE_STDINT_H
| #  include <stdint.h>
| # endif
| #endif
| #if HAVE_UNISTD_H
| # include <unistd.h>
| #endif
| #include <net/errno.h>
configure:5623: result: no
configure:5627: checking net/errno.h presence
configure:5637: gcc -E  conftest.c
conftest.c:30:10: fatal error: 'net/errno.h' file not found
#include <net/errno.h>
         ^
1 error generated.
configure:5643: $? = 1
configure: failed program was:
| /* confdefs.h.  */
| 
| #define PACKAGE_NAME "tcl"
| #define PACKAGE_TARNAME "tcl"
| #define PACKAGE_VERSION "8.5"
| #define PACKAGE_STRING "tcl 8.5"
| #define PACKAGE_BUGREPORT ""
| #define STDC_HEADERS 1
| #define HAVE_SYS_TYPES_H 1
| #define HAVE_SYS_STAT_H 1
| #define HAVE_STDLIB_H 1
| #define HAVE_STRING_H 1
| #define HAVE_MEMORY_H 1
| #define HAVE_STRINGS_H 1
| #define HAVE_INTTYPES_H 1
| #define HAVE_STDINT_H 1
| #define HAVE_UNISTD_H 1
| #define NO_VALUES_H 1
| #define HAVE_LIMITS_H 1
| #define HAVE_SYS_PARAM_H 1
| #define USE_THREAD_ALLOC 1
| #define _REENTRANT 1
| #define _THREAD_SAFE 1
| #define HAVE_PTHREAD_ATTR_SETSTACKSIZE 1
| #define HAVE_PTHREAD_ATFORK 1
| #define HAVE_PTHREAD_GET_STACKSIZE_NP 1
| #define TCL_THREADS 1
| #define TCL_CFGVAL_ENCODING "iso8859-1"
| /* end confdefs.h.  */
| #include <net/errno.h>
configure:5663: result: no
configure:5698: checking for net/errno.h
configure:5705: result: no
configure:5739: checking for connect
configure:5796: gcc -o conftest  -pipe   conftest.c  >&5
configure:5802: $? = 0
configure:5806: test -z 
			 || test ! -s conftest.err
configure:5809: $? = 0
configure:5812: test -s conftest
configure:5815: $? = 0
configure:5827: result: yes
configure:6102: checking for gethostbyname
configure:6159: gcc -o conftest  -pipe   conftest.c  >&5
configure:6165: $? = 0
configure:6169: test -z 
			 || test ! -s conftest.err
configure:6172: $? = 0
configure:6175: test -s conftest
configure:6178: $? = 0
configure:6190: result: yes
configure:6271: checking how to build libraries
configure:6289: result: shared
configure:6351: checking for ranlib
configure:6367: found /usr/bin/ranlib
configure:6378: result: ranlib
configure:6394: checking if 64bit support is requested
configure:6403: result: no
configure:6408: checking if 64bit Sparc VIS support is requested
configure:6417: result: no
configure:6428: checking if compiler supports visibility "hidden"
configure:6453: gcc -o conftest  -pipe -Werror   conftest.c  -lpthread >&5
configure:6459: $? = 0
configure:6463: test -z 
			 || test ! -s conftest.err
configure:6466: $? = 0
configure:6469: test -s conftest
configure:6472: $? = 0
configure:6485: result: yes
configure:6500: checking if rpath support is requested
configure:6509: result: yes
configure:6516: checking system version
configure:6544: result: Darwin-13.3.0
configure:6552: checking for dlopen in -ldl
configure:6582: gcc -o conftest  -pipe   conftest.c -ldl   -lpthread >&5
configure:6588: $? = 0
configure:6592: test -z 
			 || test ! -s conftest.err
configure:6595: $? = 0
configure:6598: test -s conftest
configure:6601: $? = 0
configure:6614: result: yes
configure:6696: checking for ar
configure:6712: found /usr/bin/ar
configure:6722: result: ar
configure:7839: checking if ld accepts -single_module flag
configure:7863: gcc -o conftest -pipe     -dynamiclib -Wl,-single_module conftest.c  -lpthread >&5
configure:7869: $? = 0
configure:7873: test -z 
			 || test ! -s conftest.err
configure:7876: $? = 0
configure:7879: test -s conftest
configure:7882: $? = 0
configure:7895: result: yes
configure:7914: checking if ld accepts -search_paths_first flag
configure:7938: gcc -o conftest -pipe     -prebind -headerpad_max_install_names -Wl,-search_paths_first conftest.c  -lpthread >&5
configure:7944: $? = 0
configure:7948: test -z 
			 || test ! -s conftest.err
configure:7951: $? = 0
configure:7954: test -s conftest
configure:7957: $? = 0
configure:7970: result: yes
configure:7998: checking whether to use CoreFoundation
configure:8007: result: yes
configure:8011: checking for CoreFoundation.framework
configure:8046: gcc -o conftest -pipe     -prebind -headerpad_max_install_names -Wl,-search_paths_first conftest.c  -lpthread -framework CoreFoundation >&5
configure:8052: $? = 0
configure:8056: test -z 
			 || test ! -s conftest.err
configure:8059: $? = 0
configure:8062: test -s conftest
configure:8065: $? = 0
configure:8085: result: yes
configure:8933: checking for cast to union support
configure:8957: gcc -c -pipe    conftest.c >&5
configure:8963: $? = 0
configure:8967: test -z 
			 || test ! -s conftest.err
configure:8970: $? = 0
configure:8973: test -s conftest.o
configure:8976: $? = 0
configure:8988: result: yes
configure:9040: checking for build with symbols
configure:9059: result: no
configure:9125: checking for required early compiler flags
configure:9148: gcc -c -pipe    conftest.c >&5
configure:9154: $? = 0
configure:9158: test -z 
			 || test ! -s conftest.err
configure:9161: $? = 0
configure:9164: test -s conftest.o
configure:9167: $? = 0
configure:9253: gcc -c -pipe    conftest.c >&5
conftest.c:43:28: warning: 'stat64' is deprecated: first deprecated in OS X 10.6 [-Wdeprecated-declarations]
struct stat64 buf; int i = stat64("/", &buf);
                           ^
/usr/include/sys/stat.h:380:5: note: 'stat64' declared here
int     stat64(const char *, struct stat64 *) __OSX_AVAILABLE_BUT_DEPRECATED(__MAC_10_5,__MAC_10_6,__IPHONE_NA,__IPHONE_NA);
        ^
1 warning generated.
configure:9259: $? = 0
configure:9263: test -z 
			 || test ! -s conftest.err
configure:9266: $? = 0
configure:9269: test -s conftest.o
configure:9272: $? = 0
configure:9358: gcc -c -pipe    conftest.c >&5
conftest.c:43:19: error: use of undeclared identifier 'open64'
char *p = (char *)open64;
                  ^
1 error generated.
configure:9364: $? = 1
configure: failed program was:
| /* confdefs.h.  */
| 
| #define PACKAGE_NAME "tcl"
| #define PACKAGE_TARNAME "tcl"
| #define PACKAGE_VERSION "8.5"
| #define PACKAGE_STRING "tcl 8.5"
| #define PACKAGE_BUGREPORT ""
| #define STDC_HEADERS 1
| #define HAVE_SYS_TYPES_H 1
| #define HAVE_SYS_STAT_H 1
| #define HAVE_STDLIB_H 1
| #define HAVE_STRING_H 1
| #define HAVE_MEMORY_H 1
| #define HAVE_STRINGS_H 1
| #define HAVE_INTTYPES_H 1
| #define HAVE_STDINT_H 1
| #define HAVE_UNISTD_H 1
| #define NO_VALUES_H 1
| #define HAVE_LIMITS_H 1
| #define HAVE_SYS_PARAM_H 1
| #define USE_THREAD_ALLOC 1
| #define _REENTRANT 1
| #define _THREAD_SAFE 1
| #define HAVE_PTHREAD_ATTR_SETSTACKSIZE 1
| #define HAVE_PTHREAD_ATFORK 1
| #define HAVE_PTHREAD_GET_STACKSIZE_NP 1
| #define TCL_THREADS 1
| #define TCL_CFGVAL_ENCODING "iso8859-1"
| #define MODULE_SCOPE extern __attribute__((__visibility__("hidden")))
| #define MAC_OSX_TCL 1
| #define HAVE_COREFOUNDATION 1
| #define HAVE_CAST_TO_UNION 1
| #define TCL_SHLIB_EXT ".dylib"
| #define NDEBUG 1
| #define TCL_CFG_OPTIMIZED 1
| #define TCL_TOMMATH 1
| #define MP_PREC 4
| /* end confdefs.h.  */
| #include <sys/stat.h>
| int
| main ()
| {
| char *p = (char *)open64;
|   ;
|   return 0;
| }
configure:9401: gcc -c -pipe    conftest.c >&5
conftest.c:44:19: error: use of undeclared identifier 'open64'
char *p = (char *)open64;
                  ^
1 error generated.
configure:9407: $? = 1
configure: failed program was:
| /* confdefs.h.  */
| 
| #define PACKAGE_NAME "tcl"
| #define PACKAGE_TARNAME "tcl"
| #define PACKAGE_VERSION "8.5"
| #define PACKAGE_STRING "tcl 8.5"
| #define PACKAGE_BUGREPORT ""
| #define STDC_HEADERS 1
| #define HAVE_SYS_TYPES_H 1
| #define HAVE_SYS_STAT_H 1
| #define HAVE_STDLIB_H 1
| #define HAVE_STRING_H 1
| #define HAVE_MEMORY_H 1
| #define HAVE_STRINGS_H 1
| #define HAVE_INTTYPES_H 1
| #define HAVE_STDINT_H 1
| #define HAVE_UNISTD_H 1
| #define NO_VALUES_H 1
| #define HAVE_LIMITS_H 1
| #define HAVE_SYS_PARAM_H 1
| #define USE_THREAD_ALLOC 1
| #define _REENTRANT 1
| #define _THREAD_SAFE 1
| #define HAVE_PTHREAD_ATTR_SETSTACKSIZE 1
| #define HAVE_PTHREAD_ATFORK 1
| #define HAVE_PTHREAD_GET_STACKSIZE_NP 1
| #define TCL_THREADS 1
| #define TCL_CFGVAL_ENCODING "iso8859-1"
| #define MODULE_SCOPE extern __attribute__((__visibility__("hidden")))
| #define MAC_OSX_TCL 1
| #define HAVE_COREFOUNDATION 1
| #define HAVE_CAST_TO_UNION 1
| #define TCL_SHLIB_EXT ".dylib"
| #define NDEBUG 1
| #define TCL_CFG_OPTIMIZED 1
| #define TCL_TOMMATH 1
| #define MP_PREC 4
| /* end confdefs.h.  */
| #define _LARGEFILE_SOURCE64 1
| #include <sys/stat.h>
| int
| main ()
| {
| char *p = (char *)open64;
|   ;
|   return 0;
| }
configure:9444: result: none
configure:9453: checking for 64-bit integer type
configure:9477: gcc -c -pipe    conftest.c >&5
conftest.c:43:1: error: use of undeclared identifier '__int64'
__int64 value = (__int64) 0;
^
1 error generated.
configure:9483: $? = 1
configure: failed program was:
| /* confdefs.h.  */
| 
| #define PACKAGE_NAME "tcl"
| #define PACKAGE_TARNAME "tcl"
| #define PACKAGE_VERSION "8.5"
| #define PACKAGE_STRING "tcl 8.5"
| #define PACKAGE_BUGREPORT ""
| #define STDC_HEADERS 1
| #define HAVE_SYS_TYPES_H 1
| #define HAVE_SYS_STAT_H 1
| #define HAVE_STDLIB_H 1
| #define HAVE_STRING_H 1
| #define HAVE_MEMORY_H 1
| #define HAVE_STRINGS_H 1
| #define HAVE_INTTYPES_H 1
| #define HAVE_STDINT_H 1
| #define HAVE_UNISTD_H 1
| #define NO_VALUES_H 1
| #define HAVE_LIMITS_H 1
| #define HAVE_SYS_PARAM_H 1
| #define USE_THREAD_ALLOC 1
| #define _REENTRANT 1
| #define _THREAD_SAFE 1
| #define HAVE_PTHREAD_ATTR_SETSTACKSIZE 1
| #define HAVE_PTHREAD_ATFORK 1
| #define HAVE_PTHREAD_GET_STACKSIZE_NP 1
| #define TCL_THREADS 1
| #define TCL_CFGVAL_ENCODING "iso8859-1"
| #define MODULE_SCOPE extern __attribute__((__visibility__("hidden")))
| #define MAC_OSX_TCL 1
| #define HAVE_COREFOUNDATION 1
| #define HAVE_CAST_TO_UNION 1
| #define TCL_SHLIB_EXT ".dylib"
| #define NDEBUG 1
| #define TCL_CFG_OPTIMIZED 1
| #define TCL_TOMMATH 1
| #define MP_PREC 4
| /* end confdefs.h.  */
| 
| int
| main ()
| {
| __int64 value = (__int64) 0;
|   ;
|   return 0;
| }
configure:9527: gcc -c -pipe    conftest.c >&5
conftest.c:44:26: error: duplicate case value '1'
            case 1: case (sizeof(long long)==sizeof(long)): ;
                         ^
conftest.c:44:18: note: previous case defined here
            case 1: case (sizeof(long long)==sizeof(long)): ;
                 ^
1 error generated.
configure:9533: $? = 1
configure: failed program was:
| /* confdefs.h.  */
| 
| #define PACKAGE_NAME "tcl"
| #define PACKAGE_TARNAME "tcl"
| #define PACKAGE_VERSION "8.5"
| #define PACKAGE_STRING "tcl 8.5"
| #define PACKAGE_BUGREPORT ""
| #define STDC_HEADERS 1
| #define HAVE_SYS_TYPES_H 1
| #define HAVE_SYS_STAT_H 1
| #define HAVE_STDLIB_H 1
| #define HAVE_STRING_H 1
| #define HAVE_MEMORY_H 1
| #define HAVE_STRINGS_H 1
| #define HAVE_INTTYPES_H 1
| #define HAVE_STDINT_H 1
| #define HAVE_UNISTD_H 1
| #define NO_VALUES_H 1
| #define HAVE_LIMITS_H 1
| #define HAVE_SYS_PARAM_H 1
| #define USE_THREAD_ALLOC 1
| #define _REENTRANT 1
| #define _THREAD_SAFE 1
| #define HAVE_PTHREAD_ATTR_SETSTACKSIZE 1
| #define HAVE_PTHREAD_ATFORK 1
| #define HAVE_PTHREAD_GET_STACKSIZE_NP 1
| #define TCL_THREADS 1
| #define TCL_CFGVAL_ENCODING "iso8859-1"
| #define MODULE_SCOPE extern __attribute__((__visibility__("hidden")))
| #define MAC_OSX_TCL 1
| #define HAVE_COREFOUNDATION 1
| #define HAVE_CAST_TO_UNION 1
| #define TCL_SHLIB_EXT ".dylib"
| #define NDEBUG 1
| #define TCL_CFG_OPTIMIZED 1
| #define TCL_TOMMATH 1
| #define MP_PREC 4
| /* end confdefs.h.  */
| 
| int
| main ()
| {
| switch (0) {
|             case 1: case (sizeof(long long)==sizeof(long)): ;
|         }
|   ;
|   return 0;
| }
configure:9563: result: using long
configure:9880: checking whether byte ordering is bigendian
configure:9907: gcc -c -pipe    conftest.c >&5
configure:9913: $? = 0
configure:9917: test -z 
			 || test ! -s conftest.err
configure:9920: $? = 0
configure:9923: test -s conftest.o
configure:9926: $? = 0
configure:9950: gcc -c -pipe    conftest.c >&5
conftest.c:47:2: error: use of undeclared identifier 'not'
 not big endian
 ^
1 error generated.
configure:9956: $? = 1
configure: failed program was:
| /* confdefs.h.  */
| 
| #define PACKAGE_NAME "tcl"
| #define PACKAGE_TARNAME "tcl"
| #define PACKAGE_VERSION "8.5"
| #define PACKAGE_STRING "tcl 8.5"
| #define PACKAGE_BUGREPORT ""
| #define STDC_HEADERS 1
| #define HAVE_SYS_TYPES_H 1
| #define HAVE_SYS_STAT_H 1
| #define HAVE_STDLIB_H 1
| #define HAVE_STRING_H 1
| #define HAVE_MEMORY_H 1
| #define HAVE_STRINGS_H 1
| #define HAVE_INTTYPES_H 1
| #define HAVE_STDINT_H 1
| #define HAVE_UNISTD_H 1
| #define NO_VALUES_H 1
| #define HAVE_LIMITS_H 1
| #define HAVE_SYS_PARAM_H 1
| #define USE_THREAD_ALLOC 1
| #define _REENTRANT 1
| #define _THREAD_SAFE 1
| #define HAVE_PTHREAD_ATTR_SETSTACKSIZE 1
| #define HAVE_PTHREAD_ATFORK 1
| #define HAVE_PTHREAD_GET_STACKSIZE_NP 1
| #define TCL_THREADS 1
| #define TCL_CFGVAL_ENCODING "iso8859-1"
| #define MODULE_SCOPE extern __attribute__((__visibility__("hidden")))
| #define MAC_OSX_TCL 1
| #define HAVE_COREFOUNDATION 1
| #define HAVE_CAST_TO_UNION 1
| #define TCL_SHLIB_EXT ".dylib"
| #define NDEBUG 1
| #define TCL_CFG_OPTIMIZED 1
| #define TCL_TOMMATH 1
| #define MP_PREC 4
| #define TCL_WIDE_INT_IS_LONG 1
| /* end confdefs.h.  */
| #include <sys/types.h>
| #include <sys/param.h>
| 
| int
| main ()
| {
| #if BYTE_ORDER != BIG_ENDIAN
|  not big endian
| #endif
| 
|   ;
|   return 0;
| }
configure:10091: result: no
configure:10121: checking for getcwd
configure:10178: gcc -o conftest -pipe     -prebind -headerpad_max_install_names -Wl,-search_paths_first  conftest.c  -lpthread -framework CoreFoundation >&5
configure:10184: $? = 0
configure:10188: test -z 
			 || test ! -s conftest.err
configure:10191: $? = 0
configure:10194: test -s conftest
configure:10197: $? = 0
configure:10209: result: yes
configure:10234: checking for opendir
configure:10291: gcc -o conftest -pipe     -prebind -headerpad_max_install_names -Wl,-search_paths_first  conftest.c  -lpthread -framework CoreFoundation >&5
configure:10297: $? = 0
configure:10301: test -z 
			 || test ! -s conftest.err
configure:10304: $? = 0
configure:10307: test -s conftest
configure:10310: $? = 0
configure:10322: result: yes
configure:10234: checking for strtol
configure:10291: gcc -o conftest -pipe     -prebind -headerpad_max_install_names -Wl,-search_paths_first  conftest.c  -lpthread -framework CoreFoundation >&5
configure:10297: $? = 0
configure:10301: test -z 
			 || test ! -s conftest.err
configure:10304: $? = 0
configure:10307: test -s conftest
configure:10310: $? = 0
configure:10322: result: yes
configure:10234: checking for waitpid
configure:10291: gcc -o conftest -pipe     -prebind -headerpad_max_install_names -Wl,-search_paths_first  conftest.c  -lpthread -framework CoreFoundation >&5
configure:10297: $? = 0
configure:10301: test -z 
			 || test ! -s conftest.err
configure:10304: $? = 0
configure:10307: test -s conftest
configure:10310: $? = 0
configure:10322: result: yes
configure:10342: checking for strerror
configure:10399: gcc -o conftest -pipe     -prebind -headerpad_max_install_names -Wl,-search_paths_first  conftest.c  -lpthread -framework CoreFoundation >&5
conftest.c:68:6: warning: incompatible redeclaration of library function 'strerror' [-Wincompatible-library-redeclaration]
char strerror ();
     ^
conftest.c:68:6: note: 'strerror' is a builtin with type 'char *(int)'
1 warning generated.
configure:10405: $? = 0
configure:10409: test -z 
			 || test ! -s conftest.err
configure:10412: $? = 0
configure:10415: test -s conftest
configure:10418: $? = 0
configure:10430: result: yes
configure:10442: checking for getwd
configure:10499: gcc -o conftest -pipe     -prebind -headerpad_max_install_names -Wl,-search_paths_first  conftest.c  -lpthread -framework CoreFoundation >&5
configure:10505: $? = 0
configure:10509: test -z 
			 || test ! -s conftest.err
configure:10512: $? = 0
configure:10515: test -s conftest
configure:10518: $? = 0
configure:10530: result: yes
configure:10542: checking for wait3
configure:10599: gcc -o conftest -pipe     -prebind -headerpad_max_install_names -Wl,-search_paths_first  conftest.c  -lpthread -framework CoreFoundation >&5
configure:10605: $? = 0
configure:10609: test -z 
			 || test ! -s conftest.err
configure:10612: $? = 0
configure:10615: test -s conftest
configure:10618: $? = 0
configure:10630: result: yes
configure:10642: checking for uname
configure:10699: gcc -o conftest -pipe     -prebind -headerpad_max_install_names -Wl,-search_paths_first  conftest.c  -lpthread -framework CoreFoundation >&5
configure:10705: $? = 0
configure:10709: test -z 
			 || test ! -s conftest.err
configure:10712: $? = 0
configure:10715: test -s conftest
configure:10718: $? = 0
configure:10730: result: yes
configure:10749: checking for realpath
configure:10806: gcc -o conftest -pipe     -prebind -headerpad_max_install_names -Wl,-search_paths_first  conftest.c  -lpthread -framework CoreFoundation >&5
configure:10812: $? = 0
configure:10816: test -z 
			 || test ! -s conftest.err
configure:10819: $? = 0
configure:10822: test -s conftest
configure:10825: $? = 0
configure:10837: result: yes
configure:10850: checking for getaddrinfo
configure:10907: gcc -o conftest -pipe     -prebind -headerpad_max_install_names -Wl,-search_paths_first  conftest.c  -lpthread -framework CoreFoundation >&5
configure:10913: $? = 0
configure:10917: test -z 
			 || test ! -s conftest.err
configure:10920: $? = 0
configure:10923: test -s conftest
configure:10926: $? = 0
configure:10938: result: yes
configure:10942: checking for working getaddrinfo
configure:10971: gcc -c -pipe    conftest.c >&5
configure:10977: $? = 0
configure:10981: test -z 
			 || test ! -s conftest.err
configure:10984: $? = 0
configure:10987: test -s conftest.o
configure:10990: $? = 0
configure:11001: result: yes
configure:11020: checking for getpwuid_r
configure:11077: gcc -o conftest -pipe     -prebind -headerpad_max_install_names -Wl,-search_paths_first  conftest.c  -lpthread -framework CoreFoundation >&5
configure:11083: $? = 0
configure:11087: test -z 
			 || test ! -s conftest.err
configure:11090: $? = 0
configure:11093: test -s conftest
configure:11096: $? = 0
configure:11108: result: yes
configure:11112: checking for getpwuid_r with 5 args
configure:11144: gcc -c -pipe    conftest.c >&5
configure:11150: $? = 0
configure:11154: test -z 
			 || test ! -s conftest.err
configure:11157: $? = 0
configure:11160: test -s conftest.o
configure:11163: $? = 0
configure:11174: result: yes
configure:11267: checking for getpwnam_r
configure:11324: gcc -o conftest -pipe     -prebind -headerpad_max_install_names -Wl,-search_paths_first  conftest.c  -lpthread -framework CoreFoundation >&5
configure:11330: $? = 0
configure:11334: test -z 
			 || test ! -s conftest.err
configure:11337: $? = 0
configure:11340: test -s conftest
configure:11343: $? = 0
configure:11355: result: yes
configure:11359: checking for getpwnam_r with 5 args
configure:11391: gcc -c -pipe    conftest.c >&5
configure:11397: $? = 0
configure:11401: test -z 
			 || test ! -s conftest.err
configure:11404: $? = 0
configure:11407: test -s conftest.o
configure:11410: $? = 0
configure:11421: result: yes
configure:11514: checking for getgrgid_r
configure:11571: gcc -o conftest -pipe     -prebind -headerpad_max_install_names -Wl,-search_paths_first  conftest.c  -lpthread -framework CoreFoundation >&5
configure:11577: $? = 0
configure:11581: test -z 
			 || test ! -s conftest.err
configure:11584: $? = 0
configure:11587: test -s conftest
configure:11590: $? = 0
configure:11602: result: yes
configure:11606: checking for getgrgid_r with 5 args
configure:11638: gcc -c -pipe    conftest.c >&5
configure:11644: $? = 0
configure:11648: test -z 
			 || test ! -s conftest.err
configure:11651: $? = 0
configure:11654: test -s conftest.o
configure:11657: $? = 0
configure:11668: result: yes
configure:11761: checking for getgrnam_r
configure:11818: gcc -o conftest -pipe     -prebind -headerpad_max_install_names -Wl,-search_paths_first  conftest.c  -lpthread -framework CoreFoundation >&5
configure:11824: $? = 0
configure:11828: test -z 
			 || test ! -s conftest.err
configure:11831: $? = 0
configure:11834: test -s conftest
configure:11837: $? = 0
configure:11849: result: yes
configure:11853: checking for getgrnam_r with 5 args
configure:11885: gcc -c -pipe    conftest.c >&5
configure:11891: $? = 0
configure:11895: test -z 
			 || test ! -s conftest.err
configure:11898: $? = 0
configure:11901: test -s conftest.o
configure:11904: $? = 0
configure:11915: result: yes
configure:12636: checking sys/modem.h usability
configure:12648: gcc -c -pipe    conftest.c >&5
conftest.c:89:10: fatal error: 'sys/modem.h' file not found
#include <sys/modem.h>
         ^
1 error generated.
configure:12654: $? = 1
configure: failed program was:
| /* confdefs.h.  */
| 
| #define PACKAGE_NAME "tcl"
| #define PACKAGE_TARNAME "tcl"
| #define PACKAGE_VERSION "8.5"
| #define PACKAGE_STRING "tcl 8.5"
| #define PACKAGE_BUGREPORT ""
| #define STDC_HEADERS 1
| #define HAVE_SYS_TYPES_H 1
| #define HAVE_SYS_STAT_H 1
| #define HAVE_STDLIB_H 1
| #define HAVE_STRING_H 1
| #define HAVE_MEMORY_H 1
| #define HAVE_STRINGS_H 1
| #define HAVE_INTTYPES_H 1
| #define HAVE_STDINT_H 1
| #define HAVE_UNISTD_H 1
| #define NO_VALUES_H 1
| #define HAVE_LIMITS_H 1
| #define HAVE_SYS_PARAM_H 1
| #define USE_THREAD_ALLOC 1
| #define _REENTRANT 1
| #define _THREAD_SAFE 1
| #define HAVE_PTHREAD_ATTR_SETSTACKSIZE 1
| #define HAVE_PTHREAD_ATFORK 1
| #define HAVE_PTHREAD_GET_STACKSIZE_NP 1
| #define TCL_THREADS 1
| #define TCL_CFGVAL_ENCODING "iso8859-1"
| #define MODULE_SCOPE extern __attribute__((__visibility__("hidden")))
| #define MAC_OSX_TCL 1
| #define HAVE_COREFOUNDATION 1
| #define HAVE_CAST_TO_UNION 1
| #define TCL_SHLIB_EXT ".dylib"
| #define NDEBUG 1
| #define TCL_CFG_OPTIMIZED 1
| #define TCL_TOMMATH 1
| #define MP_PREC 4
| #define TCL_WIDE_INT_IS_LONG 1
| #define HAVE_GETCWD 1
| #define HAVE_OPENDIR 1
| #define HAVE_STRTOL 1
| #define HAVE_WAITPID 1
| #define HAVE_GETADDRINFO 1
| #define HAVE_GETPWUID_R_5 1
| #define HAVE_GETPWUID_R 1
| #define HAVE_GETPWNAM_R_5 1
| #define HAVE_GETPWNAM_R 1
| #define HAVE_GETGRGID_R_5 1
| #define HAVE_GETGRGID_R 1
| #define HAVE_GETGRNAM_R_5 1
| #define HAVE_GETGRNAM_R 1
| #define HAVE_MTSAFE_GETHOSTBYNAME 1
| #define HAVE_MTSAFE_GETHOSTBYADDR 1
| /* end confdefs.h.  */
| #include <stdio.h>
| #if HAVE_SYS_TYPES_H
| # include <sys/types.h>
| #endif
| #if HAVE_SYS_STAT_H
| # include <sys/stat.h>
| #endif
| #if STDC_HEADERS
| # include <stdlib.h>
| # include <stddef.h>
| #else
| # if HAVE_STDLIB_H
| #  include <stdlib.h>
| # endif
| #endif
| #if HAVE_STRING_H
| # if !STDC_HEADERS && HAVE_MEMORY_H
| #  include <memory.h>
| # endif
| # include <string.h>
| #endif
| #if HAVE_STRINGS_H
| # include <strings.h>
| #endif
| #if HAVE_INTTYPES_H
| # include <inttypes.h>
| #else
| # if HAVE_STDINT_H
| #  include <stdint.h>
| # endif
| #endif
| #if HAVE_UNISTD_H
| # include <unistd.h>
| #endif
| #include <sys/modem.h>
configure:12677: result: no
configure:12681: checking sys/modem.h presence
configure:12691: gcc -E   conftest.c
conftest.c:55:10: fatal error: 'sys/modem.h' file not found
#include <sys/modem.h>
         ^
1 error generated.
configure:12697: $? = 1
configure: failed program was:
| /* confdefs.h.  */
| 
| #define PACKAGE_NAME "tcl"
| #define PACKAGE_TARNAME "tcl"
| #define PACKAGE_VERSION "8.5"
| #define PACKAGE_STRING "tcl 8.5"
| #define PACKAGE_BUGREPORT ""
| #define STDC_HEADERS 1
| #define HAVE_SYS_TYPES_H 1
| #define HAVE_SYS_STAT_H 1
| #define HAVE_STDLIB_H 1
| #define HAVE_STRING_H 1
| #define HAVE_MEMORY_H 1
| #define HAVE_STRINGS_H 1
| #define HAVE_INTTYPES_H 1
| #define HAVE_STDINT_H 1
| #define HAVE_UNISTD_H 1
| #define NO_VALUES_H 1
| #define HAVE_LIMITS_H 1
| #define HAVE_SYS_PARAM_H 1
| #define USE_THREAD_ALLOC 1
| #define _REENTRANT 1
| #define _THREAD_SAFE 1
| #define HAVE_PTHREAD_ATTR_SETSTACKSIZE 1
| #define HAVE_PTHREAD_ATFORK 1
| #define HAVE_PTHREAD_GET_STACKSIZE_NP 1
| #define TCL_THREADS 1
| #define TCL_CFGVAL_ENCODING "iso8859-1"
| #define MODULE_SCOPE extern __attribute__((__visibility__("hidden")))
| #define MAC_OSX_TCL 1
| #define HAVE_COREFOUNDATION 1
| #define HAVE_CAST_TO_UNION 1
| #define TCL_SHLIB_EXT ".dylib"
| #define NDEBUG 1
| #define TCL_CFG_OPTIMIZED 1
| #define TCL_TOMMATH 1
| #define MP_PREC 4
| #define TCL_WIDE_INT_IS_LONG 1
| #define HAVE_GETCWD 1
| #define HAVE_OPENDIR 1
| #define HAVE_STRTOL 1
| #define HAVE_WAITPID 1
| #define HAVE_GETADDRINFO 1
| #define HAVE_GETPWUID_R_5 1
| #define HAVE_GETPWUID_R 1
| #define HAVE_GETPWNAM_R_5 1
| #define HAVE_GETPWNAM_R 1
| #define HAVE_GETGRGID_R_5 1
| #define HAVE_GETGRGID_R 1
| #define HAVE_GETGRNAM_R_5 1
| #define HAVE_GETGRNAM_R 1
| #define HAVE_MTSAFE_GETHOSTBYNAME 1
| #define HAVE_MTSAFE_GETHOSTBYADDR 1
| /* end confdefs.h.  */
| #include <sys/modem.h>
configure:12717: result: no
configure:12752: checking for sys/modem.h
configure:12759: result: no
configure:12772: checking termios vs. termio vs. sgtty
configure:12801: gcc -o conftest -pipe     -prebind -headerpad_max_install_names -Wl,-search_paths_first  conftest.c  -lpthread -framework CoreFoundation >&5
configure:12804: $? = 0
configure:12806: ./conftest
configure:12809: $? = 1
configure: program exited with status 1
configure: failed program was:
| /* confdefs.h.  */
| 
| #define PACKAGE_NAME "tcl"
| #define PACKAGE_TARNAME "tcl"
| #define PACKAGE_VERSION "8.5"
| #define PACKAGE_STRING "tcl 8.5"
| #define PACKAGE_BUGREPORT ""
| #define STDC_HEADERS 1
| #define HAVE_SYS_TYPES_H 1
| #define HAVE_SYS_STAT_H 1
| #define HAVE_STDLIB_H 1
| #define HAVE_STRING_H 1
| #define HAVE_MEMORY_H 1
| #define HAVE_STRINGS_H 1
| #define HAVE_INTTYPES_H 1
| #define HAVE_STDINT_H 1
| #define HAVE_UNISTD_H 1
| #define NO_VALUES_H 1
| #define HAVE_LIMITS_H 1
| #define HAVE_SYS_PARAM_H 1
| #define USE_THREAD_ALLOC 1
| #define _REENTRANT 1
| #define _THREAD_SAFE 1
| #define HAVE_PTHREAD_ATTR_SETSTACKSIZE 1
| #define HAVE_PTHREAD_ATFORK 1
| #define HAVE_PTHREAD_GET_STACKSIZE_NP 1
| #define TCL_THREADS 1
| #define TCL_CFGVAL_ENCODING "iso8859-1"
| #define MODULE_SCOPE extern __attribute__((__visibility__("hidden")))
| #define MAC_OSX_TCL 1
| #define HAVE_COREFOUNDATION 1
| #define HAVE_CAST_TO_UNION 1
| #define TCL_SHLIB_EXT ".dylib"
| #define NDEBUG 1
| #define TCL_CFG_OPTIMIZED 1
| #define TCL_TOMMATH 1
| #define MP_PREC 4
| #define TCL_WIDE_INT_IS_LONG 1
| #define HAVE_GETCWD 1
| #define HAVE_OPENDIR 1
| #define HAVE_STRTOL 1
| #define HAVE_WAITPID 1
| #define HAVE_GETADDRINFO 1
| #define HAVE_GETPWUID_R_5 1
| #define HAVE_GETPWUID_R 1
| #define HAVE_GETPWNAM_R_5 1
| #define HAVE_GETPWNAM_R 1
| #define HAVE_GETGRGID_R_5 1
| #define HAVE_GETGRGID_R 1
| #define HAVE_GETGRNAM_R_5 1
| #define HAVE_GETGRNAM_R 1
| #define HAVE_MTSAFE_GETHOSTBYNAME 1
| #define HAVE_MTSAFE_GETHOSTBYADDR 1
| /* end confdefs.h.  */
| 
| #include <termios.h>
| 
| int main() {
|     struct termios t;
|     if (tcgetattr(0, &t) == 0) {
| 	cfsetospeed(&t, 0);
| 	t.c_cflag |= PARENB | PARODD | CSIZE | CSTOPB;
| 	return 0;
|     }
|     return 1;
| }
configure:12845: gcc -o conftest -pipe     -prebind -headerpad_max_install_names -Wl,-search_paths_first  conftest.c  -lpthread -framework CoreFoundation >&5
conftest.c:56:10: fatal error: 'termio.h' file not found
#include <termio.h>
         ^
1 error generated.
configure:12848: $? = 1
configure: program exited with status 1
configure: failed program was:
| /* confdefs.h.  */
| 
| #define PACKAGE_NAME "tcl"
| #define PACKAGE_TARNAME "tcl"
| #define PACKAGE_VERSION "8.5"
| #define PACKAGE_STRING "tcl 8.5"
| #define PACKAGE_BUGREPORT ""
| #define STDC_HEADERS 1
| #define HAVE_SYS_TYPES_H 1
| #define HAVE_SYS_STAT_H 1
| #define HAVE_STDLIB_H 1
| #define HAVE_STRING_H 1
| #define HAVE_MEMORY_H 1
| #define HAVE_STRINGS_H 1
| #define HAVE_INTTYPES_H 1
| #define HAVE_STDINT_H 1
| #define HAVE_UNISTD_H 1
| #define NO_VALUES_H 1
| #define HAVE_LIMITS_H 1
| #define HAVE_SYS_PARAM_H 1
| #define USE_THREAD_ALLOC 1
| #define _REENTRANT 1
| #define _THREAD_SAFE 1
| #define HAVE_PTHREAD_ATTR_SETSTACKSIZE 1
| #define HAVE_PTHREAD_ATFORK 1
| #define HAVE_PTHREAD_GET_STACKSIZE_NP 1
| #define TCL_THREADS 1
| #define TCL_CFGVAL_ENCODING "iso8859-1"
| #define MODULE_SCOPE extern __attribute__((__visibility__("hidden")))
| #define MAC_OSX_TCL 1
| #define HAVE_COREFOUNDATION 1
| #define HAVE_CAST_TO_UNION 1
| #define TCL_SHLIB_EXT ".dylib"
| #define NDEBUG 1
| #define TCL_CFG_OPTIMIZED 1
| #define TCL_TOMMATH 1
| #define MP_PREC 4
| #define TCL_WIDE_INT_IS_LONG 1
| #define HAVE_GETCWD 1
| #define HAVE_OPENDIR 1
| #define HAVE_STRTOL 1
| #define HAVE_WAITPID 1
| #define HAVE_GETADDRINFO 1
| #define HAVE_GETPWUID_R_5 1
| #define HAVE_GETPWUID_R 1
| #define HAVE_GETPWNAM_R_5 1
| #define HAVE_GETPWNAM_R 1
| #define HAVE_GETGRGID_R_5 1
| #define HAVE_GETGRGID_R 1
| #define HAVE_GETGRNAM_R_5 1
| #define HAVE_GETGRNAM_R 1
| #define HAVE_MTSAFE_GETHOSTBYNAME 1
| #define HAVE_MTSAFE_GETHOSTBYADDR 1
| /* end confdefs.h.  */
| 
| #include <termio.h>
| 
| int main() {
|     struct termio t;
|     if (ioctl(0, TCGETA, &t) == 0) {
| 	t.c_cflag |= CBAUD | PARENB | PARODD | CSIZE | CSTOPB;
| 	return 0;
|     }
|     return 1;
| }
configure:12891: gcc -o conftest -pipe     -prebind -headerpad_max_install_names -Wl,-search_paths_first  conftest.c  -lpthread -framework CoreFoundation >&5
configure:12894: $? = 0
configure:12896: ./conftest
configure:12899: $? = 1
configure: program exited with status 1
configure: failed program was:
| /* confdefs.h.  */
| 
| #define PACKAGE_NAME "tcl"
| #define PACKAGE_TARNAME "tcl"
| #define PACKAGE_VERSION "8.5"
| #define PACKAGE_STRING "tcl 8.5"
| #define PACKAGE_BUGREPORT ""
| #define STDC_HEADERS 1
| #define HAVE_SYS_TYPES_H 1
| #define HAVE_SYS_STAT_H 1
| #define HAVE_STDLIB_H 1
| #define HAVE_STRING_H 1
| #define HAVE_MEMORY_H 1
| #define HAVE_STRINGS_H 1
| #define HAVE_INTTYPES_H 1
| #define HAVE_STDINT_H 1
| #define HAVE_UNISTD_H 1
| #define NO_VALUES_H 1
| #define HAVE_LIMITS_H 1
| #define HAVE_SYS_PARAM_H 1
| #define USE_THREAD_ALLOC 1
| #define _REENTRANT 1
| #define _THREAD_SAFE 1
| #define HAVE_PTHREAD_ATTR_SETSTACKSIZE 1
| #define HAVE_PTHREAD_ATFORK 1
| #define HAVE_PTHREAD_GET_STACKSIZE_NP 1
| #define TCL_THREADS 1
| #define TCL_CFGVAL_ENCODING "iso8859-1"
| #define MODULE_SCOPE extern __attribute__((__visibility__("hidden")))
| #define MAC_OSX_TCL 1
| #define HAVE_COREFOUNDATION 1
| #define HAVE_CAST_TO_UNION 1
| #define TCL_SHLIB_EXT ".dylib"
| #define NDEBUG 1
| #define TCL_CFG_OPTIMIZED 1
| #define TCL_TOMMATH 1
| #define MP_PREC 4
| #define TCL_WIDE_INT_IS_LONG 1
| #define HAVE_GETCWD 1
| #define HAVE_OPENDIR 1
| #define HAVE_STRTOL 1
| #define HAVE_WAITPID 1
| #define HAVE_GETADDRINFO 1
| #define HAVE_GETPWUID_R_5 1
| #define HAVE_GETPWUID_R 1
| #define HAVE_GETPWNAM_R_5 1
| #define HAVE_GETPWNAM_R 1
| #define HAVE_GETGRGID_R_5 1
| #define HAVE_GETGRGID_R 1
| #define HAVE_GETGRNAM_R_5 1
| #define HAVE_GETGRNAM_R 1
| #define HAVE_MTSAFE_GETHOSTBYNAME 1
| #define HAVE_MTSAFE_GETHOSTBYADDR 1
| /* end confdefs.h.  */
| 
| #include <sgtty.h>
| 
| int main() {
|     struct sgttyb t;
|     if (ioctl(0, TIOCGETP, &t) == 0) {
| 	t.sg_ospeed = 0;
| 	t.sg_flags |= ODDP | EVENP | RAW;
| 	return 0;
|     }
|     return 1;
| }
configure:12939: gcc -o conftest -pipe     -prebind -headerpad_max_install_names -Wl,-search_paths_first  conftest.c  -lpthread -framework CoreFoundation >&5
configure:12942: $? = 0
configure:12944: ./conftest
configure:12947: $? = 1
configure: program exited with status 1
configure: failed program was:
| /* confdefs.h.  */
| 
| #define PACKAGE_NAME "tcl"
| #define PACKAGE_TARNAME "tcl"
| #define PACKAGE_VERSION "8.5"
| #define PACKAGE_STRING "tcl 8.5"
| #define PACKAGE_BUGREPORT ""
| #define STDC_HEADERS 1
| #define HAVE_SYS_TYPES_H 1
| #define HAVE_SYS_STAT_H 1
| #define HAVE_STDLIB_H 1
| #define HAVE_STRING_H 1
| #define HAVE_MEMORY_H 1
| #define HAVE_STRINGS_H 1
| #define HAVE_INTTYPES_H 1
| #define HAVE_STDINT_H 1
| #define HAVE_UNISTD_H 1
| #define NO_VALUES_H 1
| #define HAVE_LIMITS_H 1
| #define HAVE_SYS_PARAM_H 1
| #define USE_THREAD_ALLOC 1
| #define _REENTRANT 1
| #define _THREAD_SAFE 1
| #define HAVE_PTHREAD_ATTR_SETSTACKSIZE 1
| #define HAVE_PTHREAD_ATFORK 1
| #define HAVE_PTHREAD_GET_STACKSIZE_NP 1
| #define TCL_THREADS 1
| #define TCL_CFGVAL_ENCODING "iso8859-1"
| #define MODULE_SCOPE extern __attribute__((__visibility__("hidden")))
| #define MAC_OSX_TCL 1
| #define HAVE_COREFOUNDATION 1
| #define HAVE_CAST_TO_UNION 1
| #define TCL_SHLIB_EXT ".dylib"
| #define NDEBUG 1
| #define TCL_CFG_OPTIMIZED 1
| #define TCL_TOMMATH 1
| #define MP_PREC 4
| #define TCL_WIDE_INT_IS_LONG 1
| #define HAVE_GETCWD 1
| #define HAVE_OPENDIR 1
| #define HAVE_STRTOL 1
| #define HAVE_WAITPID 1
| #define HAVE_GETADDRINFO 1
| #define HAVE_GETPWUID_R_5 1
| #define HAVE_GETPWUID_R 1
| #define HAVE_GETPWNAM_R_5 1
| #define HAVE_GETPWNAM_R 1
| #define HAVE_GETGRGID_R_5 1
| #define HAVE_GETGRGID_R 1
| #define HAVE_GETGRNAM_R_5 1
| #define HAVE_GETGRNAM_R 1
| #define HAVE_MTSAFE_GETHOSTBYNAME 1
| #define HAVE_MTSAFE_GETHOSTBYADDR 1
| /* end confdefs.h.  */
| 
| #include <termios.h>
| #include <errno.h>
| 
| int main() {
|     struct termios t;
|     if (tcgetattr(0, &t) == 0
| 	|| errno == ENOTTY || errno == ENXIO || errno == EINVAL) {
| 	cfsetospeed(&t, 0);
| 	t.c_cflag |= PARENB | PARODD | CSIZE | CSTOPB;
| 	return 0;
|     }
|     return 1;
| }
configure:12986: gcc -o conftest -pipe     -prebind -headerpad_max_install_names -Wl,-search_paths_first  conftest.c  -lpthread -framework CoreFoundation >&5
conftest.c:56:10: fatal error: 'termio.h' file not found
#include <termio.h>
         ^
1 error generated.
configure:12989: $? = 1
configure: program exited with status 1
configure: failed program was:
| /* confdefs.h.  */
| 
| #define PACKAGE_NAME "tcl"
| #define PACKAGE_TARNAME "tcl"
| #define PACKAGE_VERSION "8.5"
| #define PACKAGE_STRING "tcl 8.5"
| #define PACKAGE_BUGREPORT ""
| #define STDC_HEADERS 1
| #define HAVE_SYS_TYPES_H 1
| #define HAVE_SYS_STAT_H 1
| #define HAVE_STDLIB_H 1
| #define HAVE_STRING_H 1
| #define HAVE_MEMORY_H 1
| #define HAVE_STRINGS_H 1
| #define HAVE_INTTYPES_H 1
| #define HAVE_STDINT_H 1
| #define HAVE_UNISTD_H 1
| #define NO_VALUES_H 1
| #define HAVE_LIMITS_H 1
| #define HAVE_SYS_PARAM_H 1
| #define USE_THREAD_ALLOC 1
| #define _REENTRANT 1
| #define _THREAD_SAFE 1
| #define HAVE_PTHREAD_ATTR_SETSTACKSIZE 1
| #define HAVE_PTHREAD_ATFORK 1
| #define HAVE_PTHREAD_GET_STACKSIZE_NP 1
| #define TCL_THREADS 1
| #define TCL_CFGVAL_ENCODING "iso8859-1"
| #define MODULE_SCOPE extern __attribute__((__visibility__("hidden")))
| #define MAC_OSX_TCL 1
| #define HAVE_COREFOUNDATION 1
| #define HAVE_CAST_TO_UNION 1
| #define TCL_SHLIB_EXT ".dylib"
| #define NDEBUG 1
| #define TCL_CFG_OPTIMIZED 1
| #define TCL_TOMMATH 1
| #define MP_PREC 4
| #define TCL_WIDE_INT_IS_LONG 1
| #define HAVE_GETCWD 1
| #define HAVE_OPENDIR 1
| #define HAVE_STRTOL 1
| #define HAVE_WAITPID 1
| #define HAVE_GETADDRINFO 1
| #define HAVE_GETPWUID_R_5 1
| #define HAVE_GETPWUID_R 1
| #define HAVE_GETPWNAM_R_5 1
| #define HAVE_GETPWNAM_R 1
| #define HAVE_GETGRGID_R_5 1
| #define HAVE_GETGRGID_R 1
| #define HAVE_GETGRNAM_R_5 1
| #define HAVE_GETGRNAM_R 1
| #define HAVE_MTSAFE_GETHOSTBYNAME 1
| #define HAVE_MTSAFE_GETHOSTBYADDR 1
| /* end confdefs.h.  */
| 
| #include <termio.h>
| #include <errno.h>
| 
| int main() {
|     struct termio t;
|     if (ioctl(0, TCGETA, &t) == 0
| 	|| errno == ENOTTY || errno == ENXIO || errno == EINVAL) {
| 	t.c_cflag |= CBAUD | PARENB | PARODD | CSIZE | CSTOPB;
| 	return 0;
|     }
|     return 1;
|     }
configure:13034: gcc -o conftest -pipe     -prebind -headerpad_max_install_names -Wl,-search_paths_first  conftest.c  -lpthread -framework CoreFoundation >&5
configure:13037: $? = 0
configure:13039: ./conftest
configure:13042: $? = 1
configure: program exited with status 1
configure: failed program was:
| /* confdefs.h.  */
| 
| #define PACKAGE_NAME "tcl"
| #define PACKAGE_TARNAME "tcl"
| #define PACKAGE_VERSION "8.5"
| #define PACKAGE_STRING "tcl 8.5"
| #define PACKAGE_BUGREPORT ""
| #define STDC_HEADERS 1
| #define HAVE_SYS_TYPES_H 1
| #define HAVE_SYS_STAT_H 1
| #define HAVE_STDLIB_H 1
| #define HAVE_STRING_H 1
| #define HAVE_MEMORY_H 1
| #define HAVE_STRINGS_H 1
| #define HAVE_INTTYPES_H 1
| #define HAVE_STDINT_H 1
| #define HAVE_UNISTD_H 1
| #define NO_VALUES_H 1
| #define HAVE_LIMITS_H 1
| #define HAVE_SYS_PARAM_H 1
| #define USE_THREAD_ALLOC 1
| #define _REENTRANT 1
| #define _THREAD_SAFE 1
| #define HAVE_PTHREAD_ATTR_SETSTACKSIZE 1
| #define HAVE_PTHREAD_ATFORK 1
| #define HAVE_PTHREAD_GET_STACKSIZE_NP 1
| #define TCL_THREADS 1
| #define TCL_CFGVAL_ENCODING "iso8859-1"
| #define MODULE_SCOPE extern __attribute__((__visibility__("hidden")))
| #define MAC_OSX_TCL 1
| #define HAVE_COREFOUNDATION 1
| #define HAVE_CAST_TO_UNION 1
| #define TCL_SHLIB_EXT ".dylib"
| #define NDEBUG 1
| #define TCL_CFG_OPTIMIZED 1
| #define TCL_TOMMATH 1
| #define MP_PREC 4
| #define TCL_WIDE_INT_IS_LONG 1
| #define HAVE_GETCWD 1
| #define HAVE_OPENDIR 1
| #define HAVE_STRTOL 1
| #define HAVE_WAITPID 1
| #define HAVE_GETADDRINFO 1
| #define HAVE_GETPWUID_R_5 1
| #define HAVE_GETPWUID_R 1
| #define HAVE_GETPWNAM_R_5 1
| #define HAVE_GETPWNAM_R 1
| #define HAVE_GETGRGID_R_5 1
| #define HAVE_GETGRGID_R 1
| #define HAVE_GETGRNAM_R_5 1
| #define HAVE_GETGRNAM_R 1
| #define HAVE_MTSAFE_GETHOSTBYNAME 1
| #define HAVE_MTSAFE_GETHOSTBYADDR 1
| /* end confdefs.h.  */
| 
| #include <sgtty.h>
| #include <errno.h>
| 
| int main() {
|     struct sgttyb t;
|     if (ioctl(0, TIOCGETP, &t) == 0
| 	|| errno == ENOTTY || errno == ENXIO || errno == EINVAL) {
| 	t.sg_ospeed = 0;
| 	t.sg_flags |= ODDP | EVENP | RAW;
| 	return 0;
|     }
|     return 1;
| }
configure:13057: result: none
configure:13088: checking for fd_set in sys/types
configure:13110: gcc -c -pipe    conftest.c >&5
configure:13116: $? = 0
configure:13120: test -z 
			 || test ! -s conftest.err
configure:13123: $? = 0
configure:13126: test -s conftest.o
configure:13129: $? = 0
configure:13140: result: yes
configure:13206: checking sys/time.h usability
configure:13218: gcc -c -pipe    conftest.c >&5
configure:13224: $? = 0
configure:13228: test -z 
			 || test ! -s conftest.err
configure:13231: $? = 0
configure:13234: test -s conftest.o
configure:13237: $? = 0
configure:13247: result: yes
configure:13251: checking sys/time.h presence
configure:13261: gcc -E   conftest.c
configure:13267: $? = 0
configure:13287: result: yes
configure:13322: checking for sys/time.h
configure:13329: result: yes
configure:13342: checking whether time.h and sys/time.h may both be included
configure:13367: gcc -c -pipe    conftest.c >&5
configure:13373: $? = 0
configure:13377: test -z 
			 || test ! -s conftest.err
configure:13380: $? = 0
configure:13383: test -s conftest.o
configure:13386: $? = 0
configure:13397: result: yes
configure:13414: checking for gmtime_r
configure:13471: gcc -o conftest -pipe     -prebind -headerpad_max_install_names -Wl,-search_paths_first  conftest.c  -lpthread -framework CoreFoundation >&5
configure:13477: $? = 0
configure:13481: test -z 
			 || test ! -s conftest.err
configure:13484: $? = 0
configure:13487: test -s conftest
configure:13490: $? = 0
configure:13502: result: yes
configure:13414: checking for localtime_r
configure:13471: gcc -o conftest -pipe     -prebind -headerpad_max_install_names -Wl,-search_paths_first  conftest.c  -lpthread -framework CoreFoundation >&5
configure:13477: $? = 0
configure:13481: test -z 
			 || test ! -s conftest.err
configure:13484: $? = 0
configure:13487: test -s conftest
configure:13490: $? = 0
configure:13502: result: yes
configure:13414: checking for mktime
configure:13471: gcc -o conftest -pipe     -prebind -headerpad_max_install_names -Wl,-search_paths_first  conftest.c  -lpthread -framework CoreFoundation >&5
configure:13477: $? = 0
configure:13481: test -z 
			 || test ! -s conftest.err
configure:13484: $? = 0
configure:13487: test -s conftest
configure:13490: $? = 0
configure:13502: result: yes
configure:13513: checking tm_tzadj in struct tm
configure:13535: gcc -c -pipe    conftest.c >&5
conftest.c:64:18: error: no member named 'tm_tzadj' in 'struct tm'
struct tm tm; tm.tm_tzadj;
              ~~ ^
1 error generated.
configure:13541: $? = 1
configure: failed program was:
| /* confdefs.h.  */
| 
| #define PACKAGE_NAME "tcl"
| #define PACKAGE_TARNAME "tcl"
| #define PACKAGE_VERSION "8.5"
| #define PACKAGE_STRING "tcl 8.5"
| #define PACKAGE_BUGREPORT ""
| #define STDC_HEADERS 1
| #define HAVE_SYS_TYPES_H 1
| #define HAVE_SYS_STAT_H 1
| #define HAVE_STDLIB_H 1
| #define HAVE_STRING_H 1
| #define HAVE_MEMORY_H 1
| #define HAVE_STRINGS_H 1
| #define HAVE_INTTYPES_H 1
| #define HAVE_STDINT_H 1
| #define HAVE_UNISTD_H 1
| #define NO_VALUES_H 1
| #define HAVE_LIMITS_H 1
| #define HAVE_SYS_PARAM_H 1
| #define USE_THREAD_ALLOC 1
| #define _REENTRANT 1
| #define _THREAD_SAFE 1
| #define HAVE_PTHREAD_ATTR_SETSTACKSIZE 1
| #define HAVE_PTHREAD_ATFORK 1
| #define HAVE_PTHREAD_GET_STACKSIZE_NP 1
| #define TCL_THREADS 1
| #define TCL_CFGVAL_ENCODING "iso8859-1"
| #define MODULE_SCOPE extern __attribute__((__visibility__("hidden")))
| #define MAC_OSX_TCL 1
| #define HAVE_COREFOUNDATION 1
| #define HAVE_CAST_TO_UNION 1
| #define TCL_SHLIB_EXT ".dylib"
| #define NDEBUG 1
| #define TCL_CFG_OPTIMIZED 1
| #define TCL_TOMMATH 1
| #define MP_PREC 4
| #define TCL_WIDE_INT_IS_LONG 1
| #define HAVE_GETCWD 1
| #define HAVE_OPENDIR 1
| #define HAVE_STRTOL 1
| #define HAVE_WAITPID 1
| #define HAVE_GETADDRINFO 1
| #define HAVE_GETPWUID_R_5 1
| #define HAVE_GETPWUID_R 1
| #define HAVE_GETPWNAM_R_5 1
| #define HAVE_GETPWNAM_R 1
| #define HAVE_GETGRGID_R_5 1
| #define HAVE_GETGRGID_R 1
| #define HAVE_GETGRNAM_R_5 1
| #define HAVE_GETGRNAM_R 1
| #define HAVE_MTSAFE_GETHOSTBYNAME 1
| #define HAVE_MTSAFE_GETHOSTBYADDR 1
| #define HAVE_SYS_TIME_H 1
| #define TIME_WITH_SYS_TIME 1
| #define HAVE_GMTIME_R 1
| #define HAVE_LOCALTIME_R 1
| #define HAVE_MKTIME 1
| /* end confdefs.h.  */
| #include <time.h>
| int
| main ()
| {
| struct tm tm; tm.tm_tzadj;
|   ;
|   return 0;
| }
configure:13565: result: no
configure:13575: checking tm_gmtoff in struct tm
configure:13597: gcc -c -pipe    conftest.c >&5
conftest.c:64:18: warning: expression result unused [-Wunused-value]
struct tm tm; tm.tm_gmtoff;
              ~~ ^~~~~~~~~
1 warning generated.
configure:13603: $? = 0
configure:13607: test -z 
			 || test ! -s conftest.err
configure:13610: $? = 0
configure:13613: test -s conftest.o
configure:13616: $? = 0
configure:13627: result: yes
configure:13641: checking long timezone variable
configure:13665: gcc -c -pipe    conftest.c >&5
conftest.c:67:6: warning: implicitly declaring library function 'exit' with type 'void (int) __attribute__((noreturn))'
            exit (0);
            ^
conftest.c:67:6: note: please include the header <stdlib.h> or explicitly provide a declaration for 'exit'
1 warning generated.
configure:13671: $? = 0
configure:13675: test -z 
			 || test ! -s conftest.err
configure:13678: $? = 0
configure:13681: test -s conftest.o
configure:13684: $? = 0
configure:13695: result: yes
configure:13780: checking for struct stat.st_blocks
configure:13803: gcc -c -pipe    conftest.c >&5
configure:13809: $? = 0
configure:13813: test -z 
			 || test ! -s conftest.err
configure:13816: $? = 0
configure:13819: test -s conftest.o
configure:13822: $? = 0
configure:13879: result: yes
configure:13889: checking for struct stat.st_blksize
configure:13912: gcc -c -pipe    conftest.c >&5
configure:13918: $? = 0
configure:13922: test -z 
			 || test ! -s conftest.err
configure:13925: $? = 0
configure:13928: test -s conftest.o
configure:13931: $? = 0
configure:13988: result: yes
configure:14000: checking for blkcnt_t
configure:14024: gcc -c -pipe    conftest.c >&5
configure:14030: $? = 0
configure:14034: test -z 
			 || test ! -s conftest.err
configure:14037: $? = 0
configure:14040: test -s conftest.o
configure:14043: $? = 0
configure:14054: result: yes
configure:14065: checking for fstatfs
configure:14122: gcc -o conftest -pipe     -prebind -headerpad_max_install_names -Wl,-search_paths_first  conftest.c  -lpthread -framework CoreFoundation >&5
configure:14128: $? = 0
configure:14132: test -z 
			 || test ! -s conftest.err
configure:14135: $? = 0
configure:14138: test -s conftest
configure:14141: $? = 0
configure:14153: result: yes
configure:14171: checking for working memcmp
configure:14219: gcc -o conftest -pipe     -prebind -headerpad_max_install_names -Wl,-search_paths_first  conftest.c  -lpthread -framework CoreFoundation >&5
configure:14222: $? = 0
configure:14224: ./conftest
configure:14227: $? = 0
configure:14241: result: yes
configure:14259: checking for memmove
configure:14316: gcc -o conftest -pipe     -prebind -headerpad_max_install_names -Wl,-search_paths_first  conftest.c  -lpthread -framework CoreFoundation >&5
conftest.c:89:6: warning: incompatible redeclaration of library function 'memmove' [-Wincompatible-library-redeclaration]
char memmove ();
     ^
conftest.c:89:6: note: 'memmove' is a builtin with type 'void *(void *, const void *, unsigned long)'
1 warning generated.
configure:14322: $? = 0
configure:14326: test -z 
			 || test ! -s conftest.err
configure:14329: $? = 0
configure:14332: test -s conftest
configure:14335: $? = 0
configure:14347: result: yes
configure:14372: checking for strstr
configure:14429: gcc -o conftest -pipe     -prebind -headerpad_max_install_names -Wl,-search_paths_first  conftest.c  -lpthread -framework CoreFoundation >&5
conftest.c:89:6: warning: incompatible redeclaration of library function 'strstr' [-Wincompatible-library-redeclaration]
char strstr ();
     ^
conftest.c:89:6: note: 'strstr' is a builtin with type 'char *(const char *, const char *)'
1 warning generated.
configure:14435: $? = 0
configure:14439: test -z 
			 || test ! -s conftest.err
configure:14442: $? = 0
configure:14445: test -s conftest
configure:14448: $? = 0
configure:14460: result: yes
configure:14469: checking proper strstr implementation
configure:14489: gcc -o conftest -pipe     -prebind -headerpad_max_install_names -Wl,-search_paths_first  conftest.c  -lpthread -framework CoreFoundation >&5
conftest.c:66:16: warning: incompatible redeclaration of library function 'strstr' [-Wincompatible-library-redeclaration]
    extern int strstr();
               ^
conftest.c:66:16: note: 'strstr' is a builtin with type 'char *(const char *, const char *)'
conftest.c:67:5: warning: implicitly declaring library function 'exit' with type 'void (int) __attribute__((noreturn))'
    exit(strstr("\0test", "test") ? 1 : 0);
    ^
conftest.c:67:5: note: please include the header <stdlib.h> or explicitly provide a declaration for 'exit'
2 warnings generated.
configure:14492: $? = 0
configure:14494: ./conftest
configure:14497: $? = 0
configure:14511: result: ok
configure:14539: checking for strtoul
configure:14596: gcc -o conftest -pipe     -prebind -headerpad_max_install_names -Wl,-search_paths_first  conftest.c  -lpthread -framework CoreFoundation >&5
configure:14602: $? = 0
configure:14606: test -z 
			 || test ! -s conftest.err
configure:14609: $? = 0
configure:14612: test -s conftest
configure:14615: $? = 0
configure:14627: result: yes
configure:14636: checking proper strtoul implementation
configure:14657: gcc -o conftest -pipe     -prebind -headerpad_max_install_names -Wl,-search_paths_first  conftest.c  -lpthread -framework CoreFoundation >&5
conftest.c:68:5: warning: implicitly declaring library function 'exit' with type 'void (int) __attribute__((noreturn))'
    exit(strtoul(string,&term,0) != 0 || term != string+1);
    ^
conftest.c:68:5: note: please include the header <stdlib.h> or explicitly provide a declaration for 'exit'
1 warning generated.
configure:14660: $? = 0
configure:14662: ./conftest
configure:14665: $? = 0
configure:14679: result: ok
configure:14706: checking for strtod
configure:14763: gcc -o conftest -pipe     -prebind -headerpad_max_install_names -Wl,-search_paths_first  conftest.c  -lpthread -framework CoreFoundation >&5
configure:14769: $? = 0
configure:14773: test -z 
			 || test ! -s conftest.err
configure:14776: $? = 0
configure:14779: test -s conftest
configure:14782: $? = 0
configure:14794: result: yes
configure:14803: checking proper strtod implementation
configure:14824: gcc -o conftest -pipe     -prebind -headerpad_max_install_names -Wl,-search_paths_first  conftest.c  -lpthread -framework CoreFoundation >&5
conftest.c:68:5: warning: implicitly declaring library function 'exit' with type 'void (int) __attribute__((noreturn))'
    exit(strtod(string,&term) != 69 || term != string+4);
    ^
conftest.c:68:5: note: please include the header <stdlib.h> or explicitly provide a declaration for 'exit'
1 warning generated.
configure:14827: $? = 0
configure:14829: ./conftest
configure:14832: $? = 0
configure:14846: result: ok
configure:14875: checking for strtod
configure:14963: result: yes
configure:14972: checking for Solaris2.4/Tru64 strtod bugs
configure:15009: gcc -o conftest -pipe     -prebind -headerpad_max_install_names -Wl,-search_paths_first  conftest.c  -lpthread -framework CoreFoundation >&5
conftest.c:73:4: warning: implicitly declaring library function 'exit' with type 'void (int) __attribute__((noreturn))'
                        exit(1);
                        ^
conftest.c:73:4: note: please include the header <stdlib.h> or explicitly provide a declaration for 'exit'
1 warning generated.
configure:15012: $? = 0
configure:15014: ./conftest
configure:15017: $? = 0
configure:15031: result: ok
configure:15057: checking for mode_t
configure:15081: gcc -c -pipe    conftest.c >&5
configure:15087: $? = 0
configure:15091: test -z 
			 || test ! -s conftest.err
configure:15094: $? = 0
configure:15097: test -s conftest.o
configure:15100: $? = 0
configure:15111: result: yes
configure:15123: checking for pid_t
configure:15147: gcc -c -pipe    conftest.c >&5
configure:15153: $? = 0
configure:15157: test -z 
			 || test ! -s conftest.err
configure:15160: $? = 0
configure:15163: test -s conftest.o
configure:15166: $? = 0
configure:15177: result: yes
configure:15189: checking for size_t
configure:15213: gcc -c -pipe    conftest.c >&5
configure:15219: $? = 0
configure:15223: test -z 
			 || test ! -s conftest.err
configure:15226: $? = 0
configure:15229: test -s conftest.o
configure:15232: $? = 0
configure:15243: result: yes
configure:15255: checking for uid_t in sys/types.h
configure:15278: result: yes
configure:15294: checking for socklen_t
configure:15321: gcc -c -pipe    conftest.c >&5
configure:15327: $? = 0
configure:15331: test -z 
			 || test ! -s conftest.err
configure:15334: $? = 0
configure:15337: test -s conftest.o
configure:15340: $? = 0
configure:15351: result: yes
configure:15361: checking for intptr_t
configure:15385: gcc -c -pipe    conftest.c >&5
configure:15391: $? = 0
configure:15395: test -z 
			 || test ! -s conftest.err
configure:15398: $? = 0
configure:15401: test -s conftest.o
configure:15404: $? = 0
configure:15415: result: yes
configure:15496: checking for uintptr_t
configure:15520: gcc -c -pipe    conftest.c >&5
configure:15526: $? = 0
configure:15530: test -z 
			 || test ! -s conftest.err
configure:15533: $? = 0
configure:15536: test -s conftest.o
configure:15539: $? = 0
configure:15550: result: yes
configure:15640: checking for opendir
configure:15728: result: yes
configure:15749: checking union wait
configure:15776: gcc -o conftest -pipe     -prebind -headerpad_max_install_names -Wl,-search_paths_first  conftest.c  -lpthread -framework CoreFoundation >&5
configure:15782: $? = 0
configure:15786: test -z 
			 || test ! -s conftest.err
configure:15789: $? = 0
configure:15792: test -s conftest
configure:15795: $? = 0
configure:15807: result: yes
configure:15823: checking for strncasecmp
configure:15880: gcc -o conftest -pipe     -prebind -headerpad_max_install_names -Wl,-search_paths_first  conftest.c  -lpthread -framework CoreFoundation >&5
conftest.c:91:6: warning: incompatible redeclaration of library function 'strncasecmp' [-Wincompatible-library-redeclaration]
char strncasecmp ();
     ^
conftest.c:91:6: note: 'strncasecmp' is a builtin with type 'int (const char *, const char *, unsigned long)'
1 warning generated.
configure:15886: $? = 0
configure:15890: test -z 
			 || test ! -s conftest.err
configure:15893: $? = 0
configure:15896: test -s conftest
configure:15899: $? = 0
configure:15911: result: yes
configure:16084: checking for gettimeofday
configure:16141: gcc -o conftest -pipe     -prebind -headerpad_max_install_names -Wl,-search_paths_first  conftest.c  -lpthread -framework CoreFoundation >&5
configure:16147: $? = 0
configure:16151: test -z 
			 || test ! -s conftest.err
configure:16154: $? = 0
configure:16157: test -s conftest
configure:16160: $? = 0
configure:16172: result: yes
configure:16186: checking for gettimeofday declaration
configure:16210: result: present
configure:16227: checking whether char is unsigned
configure:16250: gcc -c -pipe    conftest.c >&5
configure:16256: $? = 0
configure:16260: test -z 
			 || test ! -s conftest.err
configure:16263: $? = 0
configure:16266: test -s conftest.o
configure:16269: $? = 0
configure:16280: result: no
configure:16289: checking signed char declarations
configure:16314: gcc -c -pipe    conftest.c >&5
configure:16320: $? = 0
configure:16324: test -z 
			 || test ! -s conftest.err
configure:16327: $? = 0
configure:16330: test -s conftest.o
configure:16333: $? = 0
configure:16344: result: yes
configure:16358: checking for a putenv() that copies the buffer
configure:16394: gcc -o conftest -pipe     -prebind -headerpad_max_install_names -Wl,-search_paths_first  conftest.c  -lpthread -framework CoreFoundation >&5
conftest.c:74:20: warning: implicitly declaring library function 'strdup' with type 'char *(const char *)'
            foo = (char *)strdup(OURVAR);
                          ^
conftest.c:74:20: note: please include the header <string.h> or explicitly provide a declaration for 'strdup'
conftest.c:76:6: warning: implicitly declaring library function 'strcpy' with type 'char *(char *, const char *)'
            strcpy((char *)(strchr(foo, '=') + 1), "no");
            ^
conftest.c:76:6: note: please include the header <string.h> or explicitly provide a declaration for 'strcpy'
conftest.c:76:22: warning: implicitly declaring library function 'strchr' with type 'char *(const char *, int)'
            strcpy((char *)(strchr(foo, '=') + 1), "no");
                            ^
conftest.c:76:22: note: please include the header <string.h> or explicitly provide a declaration for 'strchr'
conftest.c:78:11: warning: implicitly declaring library function 'strcmp' with type 'int (const char *, const char *)'
            if (!strcmp(bar, "no")) {
                 ^
conftest.c:78:11: note: please include the header <string.h> or explicitly provide a declaration for 'strcmp'
4 warnings generated.
configure:16397: $? = 0
configure:16399: ./conftest
configure:16402: $? = 0
configure:16416: result: no
configure:16451: checking langinfo.h usability
configure:16463: gcc -c -pipe    conftest.c >&5
configure:16469: $? = 0
configure:16473: test -z 
			 || test ! -s conftest.err
configure:16476: $? = 0
configure:16479: test -s conftest.o
configure:16482: $? = 0
configure:16492: result: yes
configure:16496: checking langinfo.h presence
configure:16506: gcc -E   conftest.c
configure:16512: $? = 0
configure:16532: result: yes
configure:16567: checking for langinfo.h
configure:16574: result: yes
configure:16586: checking whether to use nl_langinfo
configure:16609: gcc -c -pipe    conftest.c >&5
configure:16615: $? = 0
configure:16619: test -z 
			 || test ! -s conftest.err
configure:16622: $? = 0
configure:16625: test -s conftest.o
configure:16628: $? = 0
configure:16640: result: yes
configure:16663: checking for chflags
configure:16720: gcc -o conftest -pipe     -prebind -headerpad_max_install_names -Wl,-search_paths_first  conftest.c  -lpthread -framework CoreFoundation >&5
configure:16726: $? = 0
configure:16730: test -z 
			 || test ! -s conftest.err
configure:16733: $? = 0
configure:16736: test -s conftest
configure:16739: $? = 0
configure:16751: result: yes
configure:16766: checking isnan
configure:16790: gcc -o conftest -pipe     -prebind -headerpad_max_install_names -Wl,-search_paths_first  conftest.c  -lpthread -framework CoreFoundation >&5
configure:16796: $? = 0
configure:16800: test -z 
			 || test ! -s conftest.err
configure:16803: $? = 0
configure:16806: test -s conftest
configure:16809: $? = 0
configure:16821: result: yes
configure:16840: checking for getattrlist
configure:16897: gcc -o conftest -pipe     -prebind -headerpad_max_install_names -Wl,-search_paths_first  conftest.c  -lpthread -framework CoreFoundation >&5
configure:16903: $? = 0
configure:16907: test -z 
			 || test ! -s conftest.err
configure:16910: $? = 0
configure:16913: test -s conftest
configure:16916: $? = 0
configure:16928: result: yes
configure:16952: checking copyfile.h usability
configure:16964: gcc -c -pipe    conftest.c >&5
configure:16970: $? = 0
configure:16974: test -z 
			 || test ! -s conftest.err
configure:16977: $? = 0
configure:16980: test -s conftest.o
configure:16983: $? = 0
configure:16993: result: yes
configure:16997: checking copyfile.h presence
configure:17007: gcc -E   conftest.c
configure:17013: $? = 0
configure:17033: result: yes
configure:17068: checking for copyfile.h
configure:17075: result: yes
configure:17092: checking for copyfile
configure:17149: gcc -o conftest -pipe     -prebind -headerpad_max_install_names -Wl,-search_paths_first  conftest.c  -lpthread -framework CoreFoundation >&5
configure:17155: $? = 0
configure:17159: test -z 
			 || test ! -s conftest.err
configure:17162: $? = 0
configure:17165: test -s conftest
configure:17168: $? = 0
configure:17180: result: yes
configure:17205: checking libkern/OSAtomic.h usability
configure:17217: gcc -c -pipe    conftest.c >&5
configure:17223: $? = 0
configure:17227: test -z 
			 || test ! -s conftest.err
configure:17230: $? = 0
configure:17233: test -s conftest.o
configure:17236: $? = 0
configure:17246: result: yes
configure:17250: checking libkern/OSAtomic.h presence
configure:17260: gcc -E   conftest.c
configure:17266: $? = 0
configure:17286: result: yes
configure:17321: checking for libkern/OSAtomic.h
configure:17328: result: yes
configure:17345: checking for OSSpinLockLock
configure:17402: gcc -o conftest -pipe     -prebind -headerpad_max_install_names -Wl,-search_paths_first  conftest.c  -lpthread -framework CoreFoundation >&5
configure:17408: $? = 0
configure:17412: test -z 
			 || test ! -s conftest.err
configure:17415: $? = 0
configure:17418: test -s conftest
configure:17421: $? = 0
configure:17433: result: yes
configure:17478: checking AvailabilityMacros.h usability
configure:17490: gcc -c -pipe    conftest.c >&5
configure:17496: $? = 0
configure:17500: test -z 
			 || test ! -s conftest.err
configure:17503: $? = 0
configure:17506: test -s conftest.o
configure:17509: $? = 0
configure:17519: result: yes
configure:17523: checking AvailabilityMacros.h presence
configure:17533: gcc -E   conftest.c
configure:17539: $? = 0
configure:17559: result: yes
configure:17594: checking for AvailabilityMacros.h
configure:17601: result: yes
configure:17615: checking if weak import is available
configure:17647: gcc -o conftest -pipe  -Werror    -prebind -headerpad_max_install_names -Wl,-search_paths_first  conftest.c  -lpthread -framework CoreFoundation >&5
configure:17653: $? = 0
configure:17657: test -z 
			 || test ! -s conftest.err
configure:17660: $? = 0
configure:17663: test -s conftest
configure:17666: $? = 0
configure:17679: result: yes
configure:17688: checking if Darwin SUSv3 extensions are available
configure:17721: gcc -c -pipe  -Werror   conftest.c >&5
configure:17727: $? = 0
configure:17731: test -z 
			 || test ! -s conftest.err
configure:17734: $? = 0
configure:17737: test -s conftest.o
configure:17740: $? = 0
configure:17752: result: yes
configure:17774: checking for fts
configure:17804: gcc -o conftest -pipe     -prebind -headerpad_max_install_names -Wl,-search_paths_first  conftest.c  -lpthread -framework CoreFoundation >&5
configure:17810: $? = 0
configure:17814: test -z 
			 || test ! -s conftest.err
configure:17817: $? = 0
configure:17820: test -s conftest
configure:17823: $? = 0
configure:17835: result: yes
configure:17867: checking sys/ioctl.h usability
configure:17879: gcc -c -pipe    conftest.c >&5
configure:17885: $? = 0
configure:17889: test -z 
			 || test ! -s conftest.err
configure:17892: $? = 0
configure:17895: test -s conftest.o
configure:17898: $? = 0
configure:17908: result: yes
configure:17912: checking sys/ioctl.h presence
configure:17922: gcc -E   conftest.c
configure:17928: $? = 0
configure:17948: result: yes
configure:17983: checking for sys/ioctl.h
configure:17990: result: yes
configure:18017: checking sys/filio.h usability
configure:18029: gcc -c -pipe    conftest.c >&5
configure:18035: $? = 0
configure:18039: test -z 
			 || test ! -s conftest.err
configure:18042: $? = 0
configure:18045: test -s conftest.o
configure:18048: $? = 0
configure:18058: result: yes
configure:18062: checking sys/filio.h presence
configure:18072: gcc -E   conftest.c
configure:18078: $? = 0
configure:18098: result: yes
configure:18133: checking for sys/filio.h
configure:18140: result: yes
configure:18154: checking system version
configure:18182: result: Darwin-13.3.0
configure:18186: checking FIONBIO vs. O_NONBLOCK for nonblocking I/O
configure:18213: result: O_NONBLOCK
configure:18221: checking whether to use dll unloading
configure:18237: result: yes
configure:18246: checking for timezone data
configure:18287: result: /usr/share/zoneinfo
configure:18506: checking whether to enable DTrace support
configure:18531: result: no
configure:18538: checking if the C stack grows upwards in memory
configure:18569: gcc -o conftest -pipe     -prebind -headerpad_max_install_names -Wl,-search_paths_first  conftest.c  -lpthread -framework CoreFoundation >&5
configure:18572: $? = 0
configure:18574: ./conftest
configure:18577: $? = 1
configure: program exited with status 1
configure: failed program was:
| /* confdefs.h.  */
| 
| #define PACKAGE_NAME "tcl"
| #define PACKAGE_TARNAME "tcl"
| #define PACKAGE_VERSION "8.5"
| #define PACKAGE_STRING "tcl 8.5"
| #define PACKAGE_BUGREPORT ""
| #define STDC_HEADERS 1
| #define HAVE_SYS_TYPES_H 1
| #define HAVE_SYS_STAT_H 1
| #define HAVE_STDLIB_H 1
| #define HAVE_STRING_H 1
| #define HAVE_MEMORY_H 1
| #define HAVE_STRINGS_H 1
| #define HAVE_INTTYPES_H 1
| #define HAVE_STDINT_H 1
| #define HAVE_UNISTD_H 1
| #define NO_VALUES_H 1
| #define HAVE_LIMITS_H 1
| #define HAVE_SYS_PARAM_H 1
| #define USE_THREAD_ALLOC 1
| #define _REENTRANT 1
| #define _THREAD_SAFE 1
| #define HAVE_PTHREAD_ATTR_SETSTACKSIZE 1
| #define HAVE_PTHREAD_ATFORK 1
| #define HAVE_PTHREAD_GET_STACKSIZE_NP 1
| #define TCL_THREADS 1
| #define TCL_CFGVAL_ENCODING "iso8859-1"
| #define MODULE_SCOPE extern __attribute__((__visibility__("hidden")))
| #define MAC_OSX_TCL 1
| #define HAVE_COREFOUNDATION 1
| #define HAVE_CAST_TO_UNION 1
| #define TCL_SHLIB_EXT ".dylib"
| #define NDEBUG 1
| #define TCL_CFG_OPTIMIZED 1
| #define TCL_TOMMATH 1
| #define MP_PREC 4
| #define TCL_WIDE_INT_IS_LONG 1
| #define HAVE_GETCWD 1
| #define HAVE_OPENDIR 1
| #define HAVE_STRTOL 1
| #define HAVE_WAITPID 1
| #define HAVE_GETADDRINFO 1
| #define HAVE_GETPWUID_R_5 1
| #define HAVE_GETPWUID_R 1
| #define HAVE_GETPWNAM_R_5 1
| #define HAVE_GETPWNAM_R 1
| #define HAVE_GETGRGID_R_5 1
| #define HAVE_GETGRGID_R 1
| #define HAVE_GETGRNAM_R_5 1
| #define HAVE_GETGRNAM_R 1
| #define HAVE_MTSAFE_GETHOSTBYNAME 1
| #define HAVE_MTSAFE_GETHOSTBYADDR 1
| #define HAVE_SYS_TIME_H 1
| #define TIME_WITH_SYS_TIME 1
| #define HAVE_GMTIME_R 1
| #define HAVE_LOCALTIME_R 1
| #define HAVE_MKTIME 1
| #define HAVE_TM_GMTOFF 1
| #define HAVE_TIMEZONE_VAR 1
| #define HAVE_STRUCT_STAT_ST_BLOCKS 1
| #define HAVE_STRUCT_STAT_ST_BLKSIZE 1
| #define HAVE_BLKCNT_T 1
| #define HAVE_INTPTR_T 1
| #define HAVE_UINTPTR_T 1
| #define HAVE_SIGNED_CHAR 1
| #define HAVE_LANGINFO 1
| #define HAVE_CHFLAGS 1
| #define HAVE_GETATTRLIST 1
| #define HAVE_COPYFILE_H 1
| #define HAVE_COPYFILE 1
| #define HAVE_LIBKERN_OSATOMIC_H 1
| #define HAVE_OSSPINLOCKLOCK 1
| #define USE_VFORK 1
| #define TCL_DEFAULT_ENCODING "utf-8"
| #define TCL_LOAD_FROM_MEMORY 1
| #define TCL_WIDE_CLICKS 1
| #define HAVE_AVAILABILITYMACROS_H 1
| #define HAVE_WEAK_IMPORT 1
| #define _DARWIN_C_SOURCE 1
| #define HAVE_FTS 1
| #define HAVE_SYS_IOCTL_H 1
| #define HAVE_SYS_FILIO_H 1
| #define TCL_UNLOAD_DLLS 1
| /* end confdefs.h.  */
| 
| 	int StackGrowsUp(int *parent) {
| 	    int here;
| 	    volatile int result;
| 	    if (parent)
| 		result = (&here < parent);
| 	    else
| 		result = StackGrowsUp(&here);
| 	    return result;
| 	}
| 	int main (int argc, char *argv[]) {
| 	    return StackGrowsUp(0);
| 	}
| 
configure:18591: result: no
configure:18611: checking whether the cpuid instruction is usable
configure:18641: gcc -o conftest -pipe     -prebind -headerpad_max_install_names -Wl,-search_paths_first  conftest.c  -lpthread -framework CoreFoundation >&5
configure:18647: $? = 0
configure:18651: test -z 
			 || test ! -s conftest.err
configure:18654: $? = 0
configure:18657: test -s conftest
configure:18660: $? = 0
configure:18672: result: yes
configure:18709: checking how to package libraries
configure:18736: result: shared library
configure:19030: creating ./config.status

## ---------------------- ##
## Running config.status. ##
## ---------------------- ##

This file was extended by tcl config.status 8.5, which was
generated by GNU Autoconf 2.59.  Invocation command line was

  CONFIG_FILES    = 
  CONFIG_HEADERS  = 
  CONFIG_LINKS    = 
  CONFIG_COMMANDS = 
  $ ./config.status 

on JiangdeMacBook-Pro.local

config.status:725: creating Tcl-Info.plist
config.status:725: creating Tclsh-Info.plist
config.status:725: creating Makefile
config.status:725: creating dltest/Makefile
config.status:725: creating tclConfig.sh

## ---------------- ##
## Cache variables. ##
## ---------------- ##

ac_cv_c_bigendian=no
ac_cv_c_char_unsigned=no
ac_cv_c_compiler_gnu=yes
ac_cv_c_inline=inline
ac_cv_env_CC_set=
ac_cv_env_CC_value=
ac_cv_env_CFLAGS_set=
ac_cv_env_CFLAGS_value=
ac_cv_env_CPPFLAGS_set=
ac_cv_env_CPPFLAGS_value=
ac_cv_env_CPP_set=
ac_cv_env_CPP_value=
ac_cv_env_LDFLAGS_set=
ac_cv_env_LDFLAGS_value=
ac_cv_env_build_alias_set=
ac_cv_env_build_alias_value=
ac_cv_env_host_alias_set=
ac_cv_env_host_alias_value=
ac_cv_env_target_alias_set=
ac_cv_env_target_alias_value=
ac_cv_exeext=
ac_cv_func_OSSpinLockLock=yes
ac_cv_func_chflags=yes
ac_cv_func_connect=yes
ac_cv_func_copyfile=yes
ac_cv_func_fstatfs=yes
ac_cv_func_getaddrinfo=yes
ac_cv_func_getattrlist=yes
ac_cv_func_getcwd=yes
ac_cv_func_getgrgid_r=yes
ac_cv_func_getgrnam_r=yes
ac_cv_func_gethostbyname=yes
ac_cv_func_getpwnam_r=yes
ac_cv_func_getpwuid_r=yes
ac_cv_func_gettimeofday=yes
ac_cv_func_getwd=yes
ac_cv_func_gmtime_r=yes
ac_cv_func_localtime_r=yes
ac_cv_func_memcmp_working=yes
ac_cv_func_memmove=yes
ac_cv_func_mktime=yes
ac_cv_func_opendir=yes
ac_cv_func_pthread_atfork=yes
ac_cv_func_pthread_attr_get_np=no
ac_cv_func_pthread_attr_setstacksize=yes
ac_cv_func_pthread_get_stacksize_np=yes
ac_cv_func_pthread_getattr_np=no
ac_cv_func_realpath=yes
ac_cv_func_sin=yes
ac_cv_func_strerror=yes
ac_cv_func_strncasecmp=yes
ac_cv_func_strstr=yes
ac_cv_func_strtod=yes
ac_cv_func_strtol=yes
ac_cv_func_strtoul=yes
ac_cv_func_uname=yes
ac_cv_func_wait3=yes
ac_cv_func_waitpid=yes
ac_cv_header_AvailabilityMacros_h=yes
ac_cv_header_copyfile_h=yes
ac_cv_header_dlfcn_h=yes
ac_cv_header_float_h=yes
ac_cv_header_inttypes_h=yes
ac_cv_header_langinfo_h=yes
ac_cv_header_libkern_OSAtomic_h=yes
ac_cv_header_limits_h=yes
ac_cv_header_memory_h=yes
ac_cv_header_net_errno_h=no
ac_cv_header_stdc=yes
ac_cv_header_stdint_h=yes
ac_cv_header_stdlib_h=yes
ac_cv_header_string_h=yes
ac_cv_header_strings_h=yes
ac_cv_header_sys_filio_h=yes
ac_cv_header_sys_ioctl_h=yes
ac_cv_header_sys_modem_h=no
ac_cv_header_sys_param_h=yes
ac_cv_header_sys_stat_h=yes
ac_cv_header_sys_time_h=yes
ac_cv_header_sys_types_h=yes
ac_cv_header_sys_wait_h=yes
ac_cv_header_time=yes
ac_cv_header_unistd_h=yes
ac_cv_header_values_h=no
ac_cv_lib_dl_dlopen=yes
ac_cv_lib_ieee_main=no
ac_cv_lib_inet_main=no
ac_cv_lib_pthread_pthread_mutex_init=yes
ac_cv_member_struct_stat_st_blksize=yes
ac_cv_member_struct_stat_st_blocks=yes
ac_cv_objext=o
ac_cv_prog_CPP='gcc -E'
ac_cv_prog_ac_ct_AR=ar
ac_cv_prog_ac_ct_CC=gcc
ac_cv_prog_ac_ct_RANLIB=ranlib
ac_cv_prog_cc_g=yes
ac_cv_prog_cc_stdc=
ac_cv_prog_egrep='grep -E'
ac_cv_type_blkcnt_t=yes
ac_cv_type_intptr_t=yes
ac_cv_type_mode_t=yes
ac_cv_type_pid_t=yes
ac_cv_type_size_t=yes
ac_cv_type_uid_t=yes
ac_cv_type_uintptr_t=yes
tcl_cv_api_fts=yes
tcl_cv_api_getaddrinfo=yes
tcl_cv_api_getgrgid_r_5=yes
tcl_cv_api_getgrnam_r_5=yes
tcl_cv_api_getpwnam_r_5=yes
tcl_cv_api_getpwuid_r_5=yes
tcl_cv_api_serial=none
tcl_cv_cast_to_union=yes
tcl_cv_cc_darwin_c_source=yes
tcl_cv_cc_pipe=yes
tcl_cv_cc_visibility_hidden=yes
tcl_cv_cc_weak_import=yes
tcl_cv_char_signed=yes
tcl_cv_cpuid=yes
tcl_cv_dir_zoneinfo=/usr/share/zoneinfo
tcl_cv_dirent_h=yes
tcl_cv_flag__isoc99_source=no
tcl_cv_flag__largefile64_source=no
tcl_cv_flag__largefile_source64=no
tcl_cv_grep_gettimeofday=present
tcl_cv_isnan=yes
tcl_cv_langinfo_h=yes
tcl_cv_ld_search_paths_first=yes
tcl_cv_ld_single_module=yes
tcl_cv_lib_corefoundation=yes
tcl_cv_member_tm_gmtoff=yes
tcl_cv_member_tm_tzadj=no
tcl_cv_putenv_copy=no
tcl_cv_stack_grows_up=no
tcl_cv_strstr_unbroken=ok
tcl_cv_strtod_buggy=ok
tcl_cv_strtod_unbroken=ok
tcl_cv_strtoul_unbroken=ok
tcl_cv_sys_version=Darwin-13.3.0
tcl_cv_timezone_long=yes
tcl_cv_type_64bit=none
tcl_cv_type_fd_set=yes
tcl_cv_type_socklen_t=yes
tcl_cv_union_wait=yes

## ----------------- ##
## Output variables. ##
## ----------------- ##

AR='ar'
BUILD_DLTEST='$(DLTEST_TARGETS)'
CC='gcc'
CC_SEARCH_FLAGS=''
CFG_TCL_SHARED_LIB_SUFFIX='${VERSION}.dylib'
CFG_TCL_UNSHARED_LIB_SUFFIX='${VERSION}.a'
CFLAGS='-pipe   '
CFLAGS_DEBUG='-g'
CFLAGS_DEFAULT='$(CFLAGS_OPTIMIZE)'
CFLAGS_OPTIMIZE='-Os'
CFLAGS_WARNING='-Wall'
CPP='gcc -E'
CPPFLAGS=''
DEFS='-DPACKAGE_NAME=\"tcl\" -DPACKAGE_TARNAME=\"tcl\" -DPACKAGE_VERSION=\"8.5\" -DPACKAGE_STRING=\"tcl\ 8.5\" -DPACKAGE_BUGREPORT=\"\" -DSTDC_HEADERS=1 -DHAVE_SYS_TYPES_H=1 -DHAVE_SYS_STAT_H=1 -DHAVE_STDLIB_H=1 -DHAVE_STRING_H=1 -DHAVE_MEMORY_H=1 -DHAVE_STRINGS_H=1 -DHAVE_INTTYPES_H=1 -DHAVE_STDINT_H=1 -DHAVE_UNISTD_H=1 -DNO_VALUES_H=1 -DHAVE_LIMITS_H=1 -DHAVE_SYS_PARAM_H=1 -DUSE_THREAD_ALLOC=1 -D_REENTRANT=1 -D_THREAD_SAFE=1 -DHAVE_PTHREAD_ATTR_SETSTACKSIZE=1 -DHAVE_PTHREAD_ATFORK=1 -DHAVE_PTHREAD_GET_STACKSIZE_NP=1 -DTCL_THREADS=1 -DTCL_CFGVAL_ENCODING=\"iso8859-1\" -DMODULE_SCOPE=extern\ __attribute__\(\(__visibility__\(\"hidden\"\)\)\) -DMAC_OSX_TCL=1 -DHAVE_COREFOUNDATION=1 -DHAVE_CAST_TO_UNION=1 -DTCL_SHLIB_EXT=\".dylib\" -DNDEBUG=1 -DTCL_CFG_OPTIMIZED=1 -DTCL_TOMMATH=1 -DMP_PREC=4 -DTCL_WIDE_INT_IS_LONG=1 -DHAVE_GETCWD=1 -DHAVE_OPENDIR=1 -DHAVE_STRTOL=1 -DHAVE_WAITPID=1 -DHAVE_GETADDRINFO=1 -DHAVE_GETPWUID_R_5=1 -DHAVE_GETPWUID_R=1 -DHAVE_GETPWNAM_R_5=1 -DHAVE_GETPWNAM_R=1 -DHAVE_GETGRGID_R_5=1 -DHAVE_GETGRGID_R=1 -DHAVE_GETGRNAM_R_5=1 -DHAVE_GETGRNAM_R=1 -DHAVE_MTSAFE_GETHOSTBYNAME=1 -DHAVE_MTSAFE_GETHOSTBYADDR=1 -DHAVE_SYS_TIME_H=1 -DTIME_WITH_SYS_TIME=1 -DHAVE_GMTIME_R=1 -DHAVE_LOCALTIME_R=1 -DHAVE_MKTIME=1 -DHAVE_TM_GMTOFF=1 -DHAVE_TIMEZONE_VAR=1 -DHAVE_STRUCT_STAT_ST_BLOCKS=1 -DHAVE_STRUCT_STAT_ST_BLKSIZE=1 -DHAVE_BLKCNT_T=1 -DHAVE_INTPTR_T=1 -DHAVE_UINTPTR_T=1 -DHAVE_SIGNED_CHAR=1 -DHAVE_LANGINFO=1 -DHAVE_CHFLAGS=1 -DHAVE_GETATTRLIST=1 -DHAVE_COPYFILE_H=1 -DHAVE_COPYFILE=1 -DHAVE_LIBKERN_OSATOMIC_H=1 -DHAVE_OSSPINLOCKLOCK=1 -DUSE_VFORK=1 -DTCL_DEFAULT_ENCODING=\"utf-8\" -DTCL_LOAD_FROM_MEMORY=1 -DTCL_WIDE_CLICKS=1 -DHAVE_AVAILABILITYMACROS_H=1 -DHAVE_WEAK_IMPORT=1 -D_DARWIN_C_SOURCE=1 -DHAVE_FTS=1 -DHAVE_SYS_IOCTL_H=1 -DHAVE_SYS_FILIO_H=1 -DTCL_UNLOAD_DLLS=1 -DHAVE_CPUID=1 '
DLL_INSTALL_DIR='$(LIB_INSTALL_DIR)'
DLTEST_LD='${CC} -bundle -Wl,-w ${CFLAGS} ${LDFLAGS}'
DLTEST_SUFFIX='.bundle'
DL_LIBS=''
DL_OBJS='tclLoadDyld.o'
DTRACE=''
DTRACE_HDR=''
DTRACE_OBJ=''
DTRACE_SRC=''
ECHO_C='ECHO_N=''
ECHO_T=''
EGREP='grep -E'
EXEEXT=''
EXTRA_APP_CC_SWITCHES='-mdynamic-no-pic'
EXTRA_BUILD_HTML=''
EXTRA_CC_SWITCHES=''
EXTRA_INSTALL=''
EXTRA_INSTALL_BINARIES=''
EXTRA_TCLSH_LIBS='-sectcreate __TEXT __info_plist Tclsh-Info.plist'
HTML_DIR='$(DISTDIR)/html'
INSTALL_LIB='$(INSTALL_LIBRARY) $(LIB_FILE) "$(LIB_INSTALL_DIR)/$(LIB_FILE)"'
INSTALL_STUB_LIB='$(INSTALL_LIBRARY) $(STUB_LIB_FILE) "$(LIB_INSTALL_DIR)/$(STUB_LIB_FILE)" ; (cd "$(LIB_INSTALL_DIR)" ; $(RANLIB) $(STUB_LIB_FILE))'
INSTALL_TZDATA=''
LDAIX_SRC=''
LDFLAGS=' -prebind -headerpad_max_install_names -Wl,-search_paths_first '
LDFLAGS_DEBUG=''
LDFLAGS_DEFAULT='$(LDFLAGS_OPTIMIZE)'
LDFLAGS_OPTIMIZE=''
LD_LIBRARY_PATH_VAR='DYLD_LIBRARY_PATH'
LD_SEARCH_FLAGS=''
LIBOBJS=''
LIBS=' -lpthread -framework CoreFoundation'
MAKEFILE_SHELL='/bin/sh'
MAKE_LIB='${SHLIB_LD} -o $@ ${OBJS} ${SHLIB_LD_LIBS} ${TCL_SHLIB_LD_EXTRAS} ${TK_SHLIB_LD_EXTRAS} ${LD_SEARCH_FLAGS}'
MAKE_STUB_LIB='${STLIB_LD} $@ ${STUB_LIB_OBJS} ; ${RANLIB} $@'
MAN_FLAGS=''
OBJEXT='o'
PACKAGE_BUGREPORT=''
PACKAGE_NAME='tcl'
PACKAGE_STRING='tcl 8.5'
PACKAGE_TARNAME='tcl'
PACKAGE_VERSION='8.5'
PATH_SEPARATOR=':'
PLAT_OBJS='${MAC_OSX_OBJS}'
PLAT_SRCS='${MAC_OSX_SRCS}'
PRIVATE_INCLUDE_DIR='$(includedir)'
RANLIB='ranlib'
SHELL='/bin/sh'
SHLIB_CFLAGS='-fno-common'
SHLIB_LD='${CC} -dynamiclib ${CFLAGS} ${LDFLAGS} -Wl,-single_module'
SHLIB_LD_LIBS='${LIBS}'
SHLIB_SUFFIX='.dylib'
STLIB_LD='${AR} cr'
TCL_BUILD_LIB_SPEC='-L/Users/Jiangyuhang/Desktop/interview/Distributed\ System/Cloud\ Computing\ -\ UIUC/Part1/mp1_assignment/MacPorts-2.3.3/vendor/tcl8.5.15/unix -ltcl8.5'
TCL_BUILD_STUB_LIB_PATH='/Users/Jiangyuhang/Desktop/interview/Distributed System/Cloud Computing - UIUC/Part1/mp1_assignment/MacPorts-2.3.3/vendor/tcl8.5.15/unix/libtclstub8.5.a'
TCL_BUILD_STUB_LIB_SPEC='-L/Users/Jiangyuhang/Desktop/interview/Distributed\ System/Cloud\ Computing\ -\ UIUC/Part1/mp1_assignment/MacPorts-2.3.3/vendor/tcl8.5.15/unix -ltclstub8.5'
TCL_HAS_LONGLONG=''
TCL_INCLUDE_SPEC='-I/opt/local/libexec/macports/include'
TCL_LIBRARY='$(prefix)/lib/tcl$(VERSION)'
TCL_LIBS='  -lpthread -framework CoreFoundation '
TCL_LIB_FILE='libtcl8.5.dylib'
TCL_LIB_FLAG='-ltcl8.5'
TCL_LIB_SPEC='-L/opt/local/libexec/macports/lib -ltcl8.5'
TCL_LIB_VERSIONS_OK='ok'
TCL_MAJOR_VERSION='8'
TCL_MINOR_VERSION='5'
TCL_MODULE_PATH=''
TCL_PACKAGE_PATH='/opt/local/libexec/macports/lib '
TCL_PATCH_LEVEL='.15'
TCL_SHARED_BUILD='1'
TCL_SHARED_LIB_SUFFIX='${VERSION}${SHLIB_SUFFIX}'
TCL_SHLIB_LD_EXTRAS='-compatibility_version 8.5 -current_version 8.5.15 -install_name "${DYLIB_INSTALL_DIR}"/${TCL_LIB_FILE} -seg1addr 0xa000000 -sectcreate __TEXT __info_plist Tcl-Info.plist'
TCL_SRC_DIR='/Users/Jiangyuhang/Desktop/interview/Distributed System/Cloud Computing - UIUC/Part1/mp1_assignment/MacPorts-2.3.3/vendor/tcl8.5.15'
TCL_STUB_LIB_FILE='libtclstub8.5.a'
TCL_STUB_LIB_FLAG='-ltclstub8.5'
TCL_STUB_LIB_PATH='/opt/local/libexec/macports/lib/libtclstub8.5.a'
TCL_STUB_LIB_SPEC='-L/opt/local/libexec/macports/lib -ltclstub8.5'
TCL_THREADS='1'
TCL_UNSHARED_LIB_SUFFIX='${VERSION}.a'
TCL_VERSION='8.5'
TCL_YEAR='2015'
TK_SHLIB_LD_EXTRAS=''
ac_ct_AR='ar'
ac_ct_CC='gcc'
ac_ct_RANLIB='ranlib'
bindir='${exec_prefix}/bin'
build_alias=''
datadir='${prefix}/share'
exec_prefix='/opt/local/libexec/macports'
host_alias=''
includedir='${prefix}/include'
infodir='${prefix}/info'
libdir='/opt/local/libexec/macports/lib'
libexecdir='${exec_prefix}/libexec'
localstatedir='${prefix}/var'
mandir='${prefix}/man'
oldincludedir='/usr/include'
prefix='/opt/local/libexec/macports'
program_transform_name='s,x,x,'
sbindir='${exec_prefix}/sbin'
sharedstatedir='${prefix}/com'
sysconfdir='${prefix}/etc'
target_alias=''

## ----------- ##
## confdefs.h. ##
## ----------- ##

#define HAVE_AVAILABILITYMACROS_H 1
#define HAVE_BLKCNT_T 1
#define HAVE_CAST_TO_UNION 1
#define HAVE_CHFLAGS 1
#define HAVE_COPYFILE 1
#define HAVE_COPYFILE_H 1
#define HAVE_COREFOUNDATION 1
#define HAVE_CPUID 1
#define HAVE_FTS 1
#define HAVE_GETADDRINFO 1
#define HAVE_GETATTRLIST 1
#define HAVE_GETCWD 1
#define HAVE_GETGRGID_R 1
#define HAVE_GETGRGID_R_5 1
#define HAVE_GETGRNAM_R 1
#define HAVE_GETGRNAM_R_5 1
#define HAVE_GETPWNAM_R 1
#define HAVE_GETPWNAM_R_5 1
#define HAVE_GETPWUID_R 1
#define HAVE_GETPWUID_R_5 1
#define HAVE_GMTIME_R 1
#define HAVE_INTPTR_T 1
#define HAVE_INTTYPES_H 1
#define HAVE_LANGINFO 1
#define HAVE_LIBKERN_OSATOMIC_H 1
#define HAVE_LIMITS_H 1
#define HAVE_LOCALTIME_R 1
#define HAVE_MEMORY_H 1
#define HAVE_MKTIME 1
#define HAVE_MTSAFE_GETHOSTBYADDR 1
#define HAVE_MTSAFE_GETHOSTBYNAME 1
#define HAVE_OPENDIR 1
#define HAVE_OSSPINLOCKLOCK 1
#define HAVE_PTHREAD_ATFORK 1
#define HAVE_PTHREAD_ATTR_SETSTACKSIZE 1
#define HAVE_PTHREAD_GET_STACKSIZE_NP 1
#define HAVE_SIGNED_CHAR 1
#define HAVE_STDINT_H 1
#define HAVE_STDLIB_H 1
#define HAVE_STRINGS_H 1
#define HAVE_STRING_H 1
#define HAVE_STRTOL 1
#define HAVE_STRUCT_STAT_ST_BLKSIZE 1
#define HAVE_STRUCT_STAT_ST_BLOCKS 1
#define HAVE_SYS_FILIO_H 1
#define HAVE_SYS_IOCTL_H 1
#define HAVE_SYS_PARAM_H 1
#define HAVE_SYS_STAT_H 1
#define HAVE_SYS_TIME_H 1
#define HAVE_SYS_TYPES_H 1
#define HAVE_TIMEZONE_VAR 1
#define HAVE_TM_GMTOFF 1
#define HAVE_UINTPTR_T 1
#define HAVE_UNISTD_H 1
#define HAVE_WAITPID 1
#define HAVE_WEAK_IMPORT 1
#define MAC_OSX_TCL 1
#define MODULE_SCOPE extern __attribute__((__visibility__("hidden")))
#define MP_PREC 4
#define NDEBUG 1
#define NO_VALUES_H 1
#define PACKAGE_BUGREPORT ""
#define PACKAGE_NAME "tcl"
#define PACKAGE_STRING "tcl 8.5"
#define PACKAGE_TARNAME "tcl"
#define PACKAGE_VERSION "8.5"
#define STDC_HEADERS 1
#define TCL_CFGVAL_ENCODING "iso8859-1"
#define TCL_CFG_OPTIMIZED 1
#define TCL_DEFAULT_ENCODING "utf-8"
#define TCL_LOAD_FROM_MEMORY 1
#define TCL_SHLIB_EXT ".dylib"
#define TCL_THREADS 1
#define TCL_TOMMATH 1
#define TCL_UNLOAD_DLLS 1
#define TCL_WIDE_CLICKS 1
#define TCL_WIDE_INT_IS_LONG 1
#define TIME_WITH_SYS_TIME 1
#define USE_THREAD_ALLOC 1
#define USE_VFORK 1
#define _DARWIN_C_SOURCE 1
#define _REENTRANT 1
#define _THREAD_SAFE 1

configure: exit 0
